============================= test session starts ==============================
platform linux -- Python 3.11.15, pytest-9.0.2, pluggy-1.6.0 -- /opt/hostedtoolcache/Python/3.11.15/x64/bin/python
cachedir: .pytest_cache
rootdir: /home/runner/work/YGB/YGB
configfile: pyproject.toml
plugins: anyio-4.12.1, cov-7.0.0, asyncio-1.3.0
asyncio: mode=Mode.AUTO, debug=False, asyncio_default_fixture_loop_scope=None, asyncio_default_test_loop_scope=function
collecting ... collected 1931 items

backend/tests/test_api_v2_contract.py::TestContractValidation::test_missing_required_field PASSED
backend/tests/test_api_v2_contract.py::TestContractValidation::test_null_required_field_is_violation PASSED
backend/tests/test_api_v2_contract.py::TestContractValidation::test_nullable_fields_allowed_null PASSED
backend/tests/test_api_v2_contract.py::TestContractValidation::test_valid_response_passes PASSED
backend/tests/test_api_v2_contract.py::TestContractViolationError::test_error_message PASSED
backend/tests/test_api_v2_contract.py::TestContractViolationError::test_truncation PASSED
backend/tests/test_api_v2_contract.py::TestNullSafeResponseBuilder::test_adds_missing_nullable_fields PASSED
backend/tests/test_api_v2_contract.py::TestNullSafeResponseBuilder::test_field_diff_detection PASSED
backend/tests/test_api_v2_contract.py::TestNullSafeResponseBuilder::test_preserves_extra_fields PASSED
backend/tests/test_api_v2_contract.py::TestNullSafeResponseBuilder::test_raises_on_missing_required PASSED
backend/tests/test_api_v2_contract.py::TestMeasurementCompleteness::test_full_completeness PASSED
backend/tests/test_api_v2_contract.py::TestMeasurementCompleteness::test_partial_completeness PASSED
backend/tests/test_api_v2_contract.py::TestMeasurementCompleteness::test_uses_schema_defaults PASSED
backend/tests/test_api_v2_contract.py::TestMeasurementCompleteness::test_zero_completeness PASSED
backend/tests/test_approval_ledger.py::TestTokenSigning::test_sign_returns_token PASSED
backend/tests/test_approval_ledger.py::TestTokenSigning::test_sign_requires_approver_id PASSED
backend/tests/test_approval_ledger.py::TestTokenSigning::test_sign_requires_reason PASSED
backend/tests/test_approval_ledger.py::TestTokenSigning::test_token_not_boolean PASSED
backend/tests/test_approval_ledger.py::TestTokenVerification::test_valid_token_verifies PASSED
backend/tests/test_approval_ledger.py::TestTokenVerification::test_tampered_signature_fails PASSED
backend/tests/test_approval_ledger.py::TestTokenVerification::test_tampered_field_id_fails PASSED
backend/tests/test_approval_ledger.py::TestAppendOnlyChain::test_genesis_hash PASSED
backend/tests/test_approval_ledger.py::TestAppendOnlyChain::test_single_append PASSED
backend/tests/test_approval_ledger.py::TestAppendOnlyChain::test_chain_links PASSED
backend/tests/test_approval_ledger.py::TestAppendOnlyChain::test_verify_chain_valid PASSED
backend/tests/test_approval_ledger.py::TestAppendOnlyChain::test_verify_chain_tampered PASSED
backend/tests/test_approval_ledger.py::TestFieldLookup::test_no_approval PASSED
backend/tests/test_approval_ledger.py::TestFieldLookup::test_has_approval_after_append PASSED
backend/tests/test_approval_ledger.py::TestFieldLookup::test_get_approval_returns_entry PASSED
backend/tests/test_approval_ledger.py::TestLedgerPersistence::test_save_and_reload PASSED
backend/tests/test_auth_guard_role_hydration.py::test_require_auth_hydrates_role_from_storage PASSED
backend/tests/test_auth_guard_role_hydration.py::test_require_auth_still_succeeds_when_role_lookup_fails PASSED
backend/tests/test_auth_guard_role_hydration.py::test_require_auth_accepts_cookie_auth_on_safe_methods PASSED
backend/tests/test_auth_guard_role_hydration.py::test_require_auth_rejects_cookie_auth_without_csrf PASSED
backend/tests/test_auth_guard_role_hydration.py::test_require_auth_accepts_cookie_auth_with_valid_csrf PASSED
backend/tests/test_auth_guard_role_hydration.py::test_require_admin_blocks_non_admin PASSED
backend/tests/test_auth_guard_role_hydration.py::test_require_auth_allows_temporary_bypass PASSED
backend/tests/test_auth_security.py::TestPasswordHashing::test_hash_produces_salt PASSED
backend/tests/test_auth_security.py::TestPasswordHashing::test_same_password_different_hash PASSED
backend/tests/test_auth_security.py::TestPasswordHashing::test_verify_correct_password PASSED
backend/tests/test_auth_security.py::TestPasswordHashing::test_verify_wrong_password PASSED
backend/tests/test_auth_security.py::TestPasswordHashing::test_verify_empty_hash PASSED
backend/tests/test_auth_security.py::TestJWT::test_generate_and_verify PASSED
backend/tests/test_auth_security.py::TestJWT::test_invalid_token_returns_none PASSED
backend/tests/test_auth_security.py::TestJWT::test_empty_token_returns_none PASSED
backend/tests/test_auth_security.py::TestRateLimiting::test_allows_under_limit PASSED
backend/tests/test_auth_security.py::TestRateLimiting::test_blocks_at_limit PASSED
backend/tests/test_auth_security.py::TestRateLimiting::test_different_ips_independent PASSED
backend/tests/test_auth_security.py::TestRateLimiting::test_reset_clears_limit PASSED
backend/tests/test_auth_security.py::TestRateLimiting::test_remaining_count PASSED
backend/tests/test_auth_security.py::TestCSRF::test_generate_returns_string PASSED
backend/tests/test_auth_security.py::TestCSRF::test_verify_correct_token PASSED
backend/tests/test_auth_security.py::TestCSRF::test_verify_wrong_token PASSED
backend/tests/test_auth_security.py::TestNoHardcodedCredentials::test_no_hardcoded_passwords PASSED
backend/tests/test_authority_lock_guards.py::TestIndividualGuards::test_auto_submit PASSED
backend/tests/test_authority_lock_guards.py::TestIndividualGuards::test_authority_unlock PASSED
backend/tests/test_authority_lock_guards.py::TestIndividualGuards::test_company_targeting PASSED
backend/tests/test_authority_lock_guards.py::TestIndividualGuards::test_mid_training_merge PASSED
backend/tests/test_authority_lock_guards.py::TestIndividualGuards::test_voice_hunt_trigger PASSED
backend/tests/test_authority_lock_guards.py::TestIndividualGuards::test_voice_submit PASSED
backend/tests/test_authority_lock_guards.py::TestIndividualGuards::test_auto_negotiate PASSED
backend/tests/test_authority_lock_guards.py::TestIndividualGuards::test_skip_certification PASSED
backend/tests/test_authority_lock_guards.py::TestIndividualGuards::test_cross_field_data PASSED
backend/tests/test_authority_lock_guards.py::TestIndividualGuards::test_time_forced_completion PASSED
backend/tests/test_authority_lock_guards.py::TestIndividualGuards::test_parallel_field_training PASSED
backend/tests/test_authority_lock_guards.py::TestBulkVerification::test_verify_all_locked PASSED
backend/tests/test_authority_lock_guards.py::TestBulkVerification::test_total_lock_count PASSED
backend/tests/test_authority_lock_guards.py::TestActionBlocking::test_blocked_action[auto_submit] PASSED
backend/tests/test_authority_lock_guards.py::TestActionBlocking::test_blocked_action[unlock_authority] PASSED
backend/tests/test_authority_lock_guards.py::TestActionBlocking::test_blocked_action[target_company] PASSED
backend/tests/test_authority_lock_guards.py::TestActionBlocking::test_blocked_action[merge_mid_training] PASSED
backend/tests/test_authority_lock_guards.py::TestActionBlocking::test_blocked_action[voice_hunt] PASSED
backend/tests/test_authority_lock_guards.py::TestActionBlocking::test_blocked_action[voice_submit] PASSED
backend/tests/test_authority_lock_guards.py::TestActionBlocking::test_blocked_action[auto_negotiate] PASSED
backend/tests/test_authority_lock_guards.py::TestActionBlocking::test_blocked_action[skip_cert] PASSED
backend/tests/test_authority_lock_guards.py::TestActionBlocking::test_blocked_action[cross_field] PASSED
backend/tests/test_authority_lock_guards.py::TestActionBlocking::test_blocked_action[force_time] PASSED
backend/tests/test_authority_lock_guards.py::TestActionBlocking::test_blocked_action[parallel_train] PASSED
backend/tests/test_authority_lock_guards.py::TestActionBlocking::test_unrestricted_action_allowed PASSED
backend/tests/test_authority_lock_guards.py::TestImmutability::test_class_attributes_are_bool PASSED
backend/tests/test_authority_lock_guards.py::TestImmutability::test_no_setter_bypass PASSED
backend/tests/test_auto_mode.py::TestAutoModeShadowOnly::test_shadow_only_default PASSED
backend/tests/test_auto_mode.py::TestAutoModeShadowOnly::test_shadow_only_after_activation PASSED
backend/tests/test_auto_mode.py::TestAutoModeShadowOnly::test_cannot_disable_shadow PASSED
backend/tests/test_auto_mode.py::TestAutoModeShadowOnly::test_cannot_auto_export PASSED
backend/tests/test_auto_mode.py::TestAutoModeShadowOnly::test_cannot_auto_submit PASSED
backend/tests/test_auto_mode.py::TestConditionEvaluation::test_all_conditions_met PASSED
backend/tests/test_auto_mode.py::TestConditionEvaluation::test_integrity_below_95_blocks PASSED
backend/tests/test_auto_mode.py::TestConditionEvaluation::test_containment_blocks PASSED
backend/tests/test_auto_mode.py::TestConditionEvaluation::test_drift_unstable_blocks PASSED
backend/tests/test_auto_mode.py::TestConditionEvaluation::test_multiple_blocks PASSED
backend/tests/test_auto_mode.py::TestActivation::test_activation_with_all_conditions PASSED
backend/tests/test_auto_mode.py::TestActivation::test_activation_blocked_without_conditions PASSED
backend/tests/test_auto_mode.py::TestActivation::test_deactivation PASSED
backend/tests/test_auto_mode.py::TestActivation::test_activation_log_populated PASSED
backend/tests/test_auto_mode.py::TestExportApproval::test_export_blocked_without_approval PASSED
backend/tests/test_auto_mode.py::TestExportApproval::test_export_allowed_with_approval PASSED
backend/tests/test_auto_mode.py::TestExportApproval::test_export_requires_approval_always PASSED
backend/tests/test_auto_rehash.py::TestAutoRehash::test_current_verify_does_not_downgrade PASSED
backend/tests/test_auto_rehash.py::TestAutoRehash::test_legacy_hash_gets_upgraded PASSED
backend/tests/test_auto_rehash.py::TestAutoRehash::test_rehash_integration_with_login_flow PASSED
backend/tests/test_auto_rehash.py::TestAutoRehash::test_v2_hash_needs_rehash PASSED
backend/tests/test_auto_rehash.py::TestAutoRehash::test_wrong_password_never_rehashes PASSED
backend/tests/test_bridge_persistence.py::TestBridgeStatePersistence::test_cross_process_persistence PASSED
backend/tests/test_bridge_persistence.py::TestBridgeStatePersistence::test_fresh_state_is_zero PASSED
backend/tests/test_bridge_persistence.py::TestBridgeStatePersistence::test_persistence_file_written PASSED
backend/tests/test_bridge_persistence.py::TestBridgeStatePersistence::test_record_ingest_batch_increments PASSED
backend/tests/test_bridge_persistence.py::TestBridgeStatePersistence::test_sample_store_write_and_read PASSED
backend/tests/test_bridge_persistence.py::TestReadinessTruth::test_zero_counters_is_no_go PASSED
backend/tests/test_bridge_persistence.py::TestReadinessTruth::test_above_threshold_is_go PASSED
backend/tests/test_bridge_persistence.py::TestReadinessTruth::test_below_threshold_is_no_go PASSED
backend/tests/test_bridge_persistence.py::TestMismatchDetection::test_manifest_says_go_bridge_says_zero PASSED
backend/tests/test_bridge_persistence.py::TestMismatchDetection::test_matching_counts_is_consistent PASSED
backend/tests/test_bridge_persistence.py::TestMismatchDetection::test_no_manifest_is_inconsistent PASSED
backend/tests/test_clock_skew.py::TestClockSkewSimulated::test_large_skew_blocks PASSED
backend/tests/test_clock_skew.py::TestClockSkewSimulated::test_negative_skew_handled PASSED
backend/tests/test_clock_skew.py::TestClockSkewSimulated::test_skew_exactly_5s_passes PASSED
backend/tests/test_clock_skew.py::TestClockSkewSimulated::test_skew_exceeds_tolerance_blocks PASSED
backend/tests/test_clock_skew.py::TestClockSkewSimulated::test_skew_within_tolerance_passes PASSED
backend/tests/test_clock_skew.py::TestClockSkewSimulated::test_zero_skew_passes PASSED
backend/tests/test_clock_skew.py::TestCertificationBlocking::test_certification_blocked_on_skew PASSED
backend/tests/test_clock_skew.py::TestCertificationBlocking::test_no_certification_without_ntp PASSED
backend/tests/test_clock_skew.py::TestClockGuardHistory::test_empty_history_returns_none PASSED
backend/tests/test_clock_skew.py::TestClockGuardHistory::test_history_accumulates PASSED
backend/tests/test_clock_skew.py::TestClockGuardHistory::test_last_result_available PASSED
backend/tests/test_clock_skew.py::TestClockGuardHistory::test_result_to_dict PASSED
backend/tests/test_clock_skew.py::TestCustomThresholds::test_loose_threshold_30s PASSED
backend/tests/test_clock_skew.py::TestCustomThresholds::test_tight_threshold_1s PASSED
backend/tests/test_config_validator.py::TestIsPlaceholder::test_case_insensitive PASSED
backend/tests/test_config_validator.py::TestIsPlaceholder::test_embedded_placeholder PASSED
backend/tests/test_config_validator.py::TestIsPlaceholder::test_empty_string PASSED
backend/tests/test_config_validator.py::TestIsPlaceholder::test_obvious_placeholders PASSED
backend/tests/test_config_validator.py::TestIsPlaceholder::test_real_secrets_pass PASSED
backend/tests/test_config_validator.py::TestValidateRequiredSecrets::test_all_missing PASSED
backend/tests/test_config_validator.py::TestValidateRequiredSecrets::test_all_valid PASSED
backend/tests/test_config_validator.py::TestValidateRequiredSecrets::test_connected_profile_all_valid PASSED
backend/tests/test_config_validator.py::TestValidateRequiredSecrets::test_connected_profile_checks_extra PASSED
backend/tests/test_config_validator.py::TestValidateRequiredSecrets::test_placeholder_detected PASSED
backend/tests/test_config_validator.py::TestValidateRequiredSecrets::test_too_short PASSED
backend/tests/test_config_validator.py::TestValidateBindHost::test_default_is_localhost PASSED
backend/tests/test_config_validator.py::TestValidateBindHost::test_no_warning_for_localhost PASSED
backend/tests/test_config_validator.py::TestValidateBindHost::test_warns_on_all_interfaces PASSED
backend/tests/test_config_validator.py::TestValidateConfig::test_non_strict_does_not_raise PASSED
backend/tests/test_config_validator.py::TestValidateConfig::test_passes_with_valid_config PASSED
backend/tests/test_config_validator.py::TestValidateConfig::test_strict_raises_on_violations PASSED
backend/tests/test_config_validator.py::TestConfigurationError::test_empty_violations PASSED
backend/tests/test_config_validator.py::TestConfigurationError::test_stores_violations PASSED
backend/tests/test_coverage_boost.py::TestAuthServerHelpers::test_load_json_file_missing PASSED
backend/tests/test_coverage_boost.py::TestAuthServerHelpers::test_load_json_invalid_json PASSED
backend/tests/test_coverage_boost.py::TestAuthServerHelpers::test_load_json_valid_file PASSED
backend/tests/test_coverage_boost.py::TestAuthServerHelpers::test_load_json_with_default PASSED
backend/tests/test_coverage_boost.py::TestAuthServerHelpers::test_log_audit PASSED
backend/tests/test_coverage_boost.py::TestAuthServerHelpers::test_log_audit_failure PASSED
backend/tests/test_coverage_boost.py::TestAuthServerHelpers::test_save_json PASSED
backend/tests/test_coverage_boost.py::TestAuthServerRateLimiting::test_apply_backoff_no_failures PASSED
backend/tests/test_coverage_boost.py::TestAuthServerRateLimiting::test_check_login_rate_allowed PASSED
backend/tests/test_coverage_boost.py::TestAuthServerRateLimiting::test_check_login_rate_exceeded PASSED
backend/tests/test_coverage_boost.py::TestAuthServerRateLimiting::test_check_otp_rate_allowed PASSED
backend/tests/test_coverage_boost.py::TestAuthServerRateLimiting::test_check_otp_rate_exceeded PASSED
backend/tests/test_coverage_boost.py::TestAuthServerRateLimiting::test_prune_window PASSED
backend/tests/test_coverage_boost.py::TestAuthServerRateLimiting::test_record_failure_and_clear PASSED
backend/tests/test_coverage_boost.py::TestAuthServerDeviceFingerprinting::test_generate_device_fingerprint PASSED
backend/tests/test_coverage_boost.py::TestAuthServerDeviceFingerprinting::test_get_ip_subnet_ipv4 PASSED
backend/tests/test_coverage_boost.py::TestAuthServerDeviceFingerprinting::test_get_ip_subnet_ipv6 PASSED
backend/tests/test_coverage_boost.py::TestAuthServerDeviceFingerprinting::test_is_trusted_device_expired PASSED
backend/tests/test_coverage_boost.py::TestAuthServerDeviceFingerprinting::test_is_trusted_device_ip_changed PASSED
backend/tests/test_coverage_boost.py::TestAuthServerDeviceFingerprinting::test_is_trusted_device_missing PASSED
backend/tests/test_coverage_boost.py::TestAuthServerDeviceFingerprinting::test_is_trusted_device_valid PASSED
backend/tests/test_coverage_boost.py::TestAuthServerDeviceFingerprinting::test_trust_device PASSED
backend/tests/test_coverage_boost.py::TestAuthServerOTP::test_ensure_auth_dirs PASSED
backend/tests/test_coverage_boost.py::TestAuthServerOTP::test_generate_and_store_otp PASSED
backend/tests/test_coverage_boost.py::TestAuthServerOTP::test_send_admin_alert_no_email PASSED
backend/tests/test_coverage_boost.py::TestAuthServerOTP::test_send_otp_email_missing_config PASSED
backend/tests/test_coverage_boost.py::TestAuthServerSession::test_create_session PASSED
backend/tests/test_coverage_boost.py::TestAuthServerAdminEndpoints::test_admin_get_devices PASSED
backend/tests/test_coverage_boost.py::TestAuthServerAdminEndpoints::test_admin_get_sessions PASSED
backend/tests/test_coverage_boost.py::TestFidoCredentialStore::test_begin_authentication_no_creds PASSED
backend/tests/test_coverage_boost.py::TestFidoCredentialStore::test_begin_authentication_with_creds PASSED
backend/tests/test_coverage_boost.py::TestFidoCredentialStore::test_begin_registration PASSED
backend/tests/test_coverage_boost.py::TestFidoCredentialStore::test_cleanup_expired_challenges PASSED
backend/tests/test_coverage_boost.py::TestFidoCredentialStore::test_complete_registration_expired_challenge PASSED
backend/tests/test_coverage_boost.py::TestFidoCredentialStore::test_complete_registration_invalid_challenge PASSED
backend/tests/test_coverage_boost.py::TestFidoCredentialStore::test_complete_registration_success PASSED
backend/tests/test_coverage_boost.py::TestFidoCredentialStore::test_list_credentials_all PASSED
backend/tests/test_coverage_boost.py::TestFidoCredentialStore::test_list_credentials_by_user PASSED
backend/tests/test_coverage_boost.py::TestFidoCredentialStore::test_load_existing_credentials PASSED
backend/tests/test_coverage_boost.py::TestFidoCredentialStore::test_revoke_credential_exists PASSED
backend/tests/test_coverage_boost.py::TestFidoCredentialStore::test_revoke_credential_missing PASSED
backend/tests/test_coverage_boost.py::TestFidoCredentialStore::test_verify_authentication_expired_challenge PASSED
backend/tests/test_coverage_boost.py::TestFidoCredentialStore::test_verify_authentication_invalid_challenge PASSED
backend/tests/test_coverage_boost.py::TestFidoCredentialStore::test_verify_authentication_replay PASSED
backend/tests/test_coverage_boost.py::TestFidoCredentialStore::test_verify_authentication_success PASSED
backend/tests/test_coverage_boost.py::TestFidoCredentialStore::test_verify_authentication_unknown_credential PASSED
backend/tests/test_coverage_boost.py::TestFidoCredentialStore::test_verify_authentication_user_mismatch PASSED
backend/tests/test_coverage_boost.py::TestAdminAuthLockout::test_clear_lockout PASSED
backend/tests/test_coverage_boost.py::TestAdminAuthLockout::test_is_locked_out_expired PASSED
backend/tests/test_coverage_boost.py::TestAdminAuthLockout::test_is_locked_out_false PASSED
backend/tests/test_coverage_boost.py::TestAdminAuthLockout::test_is_locked_out_true PASSED
backend/tests/test_coverage_boost.py::TestAdminAuthLockout::test_record_failed_attempt_increments PASSED
backend/tests/test_coverage_boost.py::TestAdminAuthLockout::test_record_failed_attempt_triggers_lockout PASSED
backend/tests/test_coverage_boost.py::TestAdminAuthSession::test_create_session PASSED
backend/tests/test_coverage_boost.py::TestAdminAuthSession::test_destroy_session PASSED
backend/tests/test_coverage_boost.py::TestAdminAuthSession::test_validate_session_empty_token PASSED
backend/tests/test_coverage_boost.py::TestAdminAuthSession::test_validate_session_expired PASSED
backend/tests/test_coverage_boost.py::TestAdminAuthSession::test_validate_session_file_not_found PASSED
backend/tests/test_coverage_boost.py::TestAdminAuthSession::test_validate_session_invalid_token PASSED
backend/tests/test_coverage_boost.py::TestAdminAuthSession::test_validate_session_valid PASSED
backend/tests/test_coverage_boost.py::TestAdminAuthJWT::test_create_jwt PASSED
backend/tests/test_coverage_boost.py::TestAdminAuthJWT::test_verify_jwt_expired PASSED
backend/tests/test_coverage_boost.py::TestAdminAuthJWT::test_verify_jwt_invalid_parts PASSED
backend/tests/test_coverage_boost.py::TestAdminAuthJWT::test_verify_jwt_invalid_signature PASSED
backend/tests/test_coverage_boost.py::TestAdminAuthJWT::test_verify_jwt_valid PASSED
backend/tests/test_coverage_boost.py::TestAdminAuthTOTP::test_generate_totp_secret PASSED
backend/tests/test_coverage_boost.py::TestAdminAuthTOTP::test_get_totp_uri PASSED
backend/tests/test_coverage_boost.py::TestAdminAuthUserManagement::test_get_user_exists PASSED
backend/tests/test_coverage_boost.py::TestAdminAuthUserManagement::test_get_user_missing PASSED
backend/tests/test_coverage_boost.py::TestAdminAuthUserManagement::test_register_admin PASSED
backend/tests/test_coverage_boost.py::TestAdminAuthUserManagement::test_register_admin_duplicate PASSED
backend/tests/test_coverage_boost.py::TestAdminAuthUserManagement::test_register_admin_invalid_role PASSED
backend/tests/test_coverage_boost.py::TestAdminAuthLogin::test_login_invalid_totp PASSED
backend/tests/test_coverage_boost.py::TestAdminAuthLogin::test_login_locked_out PASSED
backend/tests/test_coverage_boost.py::TestAdminAuthLogin::test_login_success PASSED
backend/tests/test_coverage_boost.py::TestAdminAuthLogin::test_login_unknown_user PASSED
backend/tests/test_coverage_boost.py::TestAdminAuthRequireAuth::test_require_auth_bypass PASSED
backend/tests/test_coverage_boost.py::TestAdminAuthRequireAuth::test_require_auth_jwt_token PASSED
backend/tests/test_coverage_boost.py::TestAdminAuthRequireAuth::test_require_auth_no_token PASSED
backend/tests/test_coverage_boost.py::TestAdminAuthRequireAuth::test_require_auth_role_insufficient PASSED
backend/tests/test_coverage_boost.py::TestAdminAuthRequireAuth::test_require_auth_session_token PASSED
backend/tests/test_coverage_boost.py::TestAdminAuthLogout::test_logout_destroy_session PASSED
backend/tests/test_coverage_boost.py::TestAdminAuthLogout::test_logout_temp_bypass PASSED
backend/tests/test_coverage_boost.py::TestAdminAuthNotification::test_send_login_notification PASSED
backend/tests/test_coverage_boost.py::TestAdminAuthMisc::test_audit_log PASSED
backend/tests/test_coverage_boost.py::TestAdminAuthMisc::test_ensure_secure_dir PASSED
backend/tests/test_coverage_boost.py::TestAdminAuthMisc::test_load_lockouts_invalid_json PASSED
backend/tests/test_coverage_boost.py::TestAdminAuthMisc::test_load_lockouts_no_file PASSED
backend/tests/test_coverage_boost.py::TestAdminAuthMisc::test_load_users_no_file PASSED
backend/tests/test_coverage_boost.py::TestAdminAuthMisc::test_temporary_auth_bypass_disabled PASSED
backend/tests/test_coverage_boost.py::TestAdminAuthMisc::test_temporary_auth_bypass_enabled PASSED
backend/tests/test_coverage_boost.py::TestBrowserEndpoints::test_get_daily_summary_no_data PASSED
backend/tests/test_coverage_boost.py::TestBrowserEndpoints::test_get_daily_summary_with_data PASSED
backend/tests/test_coverage_boost.py::TestBrowserEndpoints::test_get_new_cves_no_data PASSED
backend/tests/test_coverage_boost.py::TestBrowserEndpoints::test_get_new_cves_with_data PASSED
backend/tests/test_coverage_boost.py::TestBrowserEndpoints::test_get_representation_impact_no_data PASSED
backend/tests/test_coverage_boost.py::TestBrowserEndpoints::test_get_representation_impact_with_data PASSED
backend/tests/test_coverage_boost.py::TestBrowserEndpoints::test_load_hash_index_error PASSED
backend/tests/test_coverage_boost.py::TestBrowserEndpoints::test_load_hash_index_missing PASSED
backend/tests/test_coverage_boost.py::TestBrowserEndpoints::test_load_summary_error PASSED
backend/tests/test_coverage_boost.py::TestSystemStatus::test_get_metrics_snapshot PASSED
backend/tests/test_coverage_boost.py::TestSystemStatus::test_get_readiness PASSED
backend/tests/test_coverage_boost.py::TestSystemStatus::test_get_storage_health PASSED
backend/tests/test_coverage_boost.py::TestSystemStatus::test_get_training_state PASSED
backend/tests/test_coverage_boost.py::TestSystemStatus::test_get_voice_status PASSED
backend/tests/test_coverage_boost.py::TestSystemStatus::test_safe_call_failure PASSED
backend/tests/test_coverage_boost.py::TestSystemStatus::test_safe_call_success PASSED
backend/tests/test_coverage_boost.py::TestReportGeneratorDB::test_ensure_tables_already_created PASSED
backend/tests/test_coverage_boost.py::TestReportGeneratorDB::test_ensure_tables_no_connection PASSED
backend/tests/test_coverage_boost.py::TestReportGeneratorDB::test_get_db_connection_failure PASSED
backend/tests/test_coverage_boost.py::TestReportGeneratorDB::test_get_db_path_custom PASSED
backend/tests/test_coverage_boost.py::TestReportGeneratorDB::test_get_db_path_default PASSED
backend/tests/test_coverage_boost.py::TestReportGeneratorDB::test_log_activity_fallback PASSED
backend/tests/test_coverage_boost10.py::TestAdminAuthSessionFile::test_get_totp_uri PASSED
backend/tests/test_coverage_boost10.py::TestAdminAuthSessionFile::test_load_users_corrupted PASSED
backend/tests/test_coverage_boost10.py::TestAdminAuthSessionFile::test_load_users_no_file PASSED
backend/tests/test_coverage_boost10.py::TestAdminAuthSessionFile::test_validate_session_corrupted_json PASSED
backend/tests/test_coverage_boost10.py::TestAdminAuthSessionFile::test_validate_session_expired PASSED
backend/tests/test_coverage_boost10.py::TestAdminAuthSessionFile::test_verify_totp_bad_code PASSED
backend/tests/test_coverage_boost10.py::TestApprovalLedgerEdgeCases::test_append_and_verify_chain PASSED
backend/tests/test_coverage_boost10.py::TestApprovalLedgerEdgeCases::test_check_file_permissions_windows PASSED
backend/tests/test_coverage_boost10.py::TestApprovalLedgerEdgeCases::test_key_loading_from_directory PASSED
backend/tests/test_coverage_boost10.py::TestApprovalLedgerEdgeCases::test_key_loading_with_revocation_list PASSED
backend/tests/test_coverage_boost10.py::TestApprovalLedgerEdgeCases::test_token_from_dict_roundtrip PASSED
backend/tests/test_coverage_boost10.py::TestGeoIPQueryProvider::test_query_provider_non_200 PASSED
backend/tests/test_coverage_boost10.py::TestGeoIPQueryProvider::test_query_provider_non_dict PASSED
backend/tests/test_coverage_boost10.py::TestGeoIPQueryProvider::test_query_provider_success PASSED
backend/tests/test_coverage_boost10.py::TestAuthGuardCallable::test_require_auth_returns_callable PASSED
backend/tests/test_coverage_boost11.py::TestAdminAuthTOTPFallback::test_generate_totp_secret_fallback PASSED
backend/tests/test_coverage_boost11.py::TestAdminAuthTOTPFallback::test_get_totp_uri_fallback PASSED
backend/tests/test_coverage_boost11.py::TestAdminAuthTOTPFallback::test_send_login_notification_oserror PASSED
backend/tests/test_coverage_boost11.py::TestAdminAuthTOTPFallback::test_verify_totp_manual_fallback_bad PASSED
backend/tests/test_coverage_boost11.py::TestAdminAuthTOTPFallback::test_verify_totp_manual_fallback_valid PASSED
backend/tests/test_coverage_boost11.py::TestAutoModeControllerBlocked::test_is_active_property PASSED
backend/tests/test_coverage_boost11.py::TestAutoModeControllerBlocked::test_request_activation_blocked PASSED
backend/tests/test_coverage_boost11.py::TestAuditArchiveAES::test_aes_decrypt_no_pycryptodome PASSED
backend/tests/test_coverage_boost11.py::TestAuditArchiveAES::test_aes_encrypt_no_pycryptodome PASSED
backend/tests/test_coverage_boost11.py::TestRepresentationGuardSelfTest::test_guard_score PASSED
backend/tests/test_coverage_boost11.py::TestRepresentationGuardSelfTest::test_run_tests PASSED
backend/tests/test_coverage_boost12.py::TestModeControllerLoadState::test_load_state_corrupted_json PASSED
backend/tests/test_coverage_boost12.py::TestModeControllerLoadState::test_load_state_invalid_mode_value PASSED
backend/tests/test_coverage_boost12.py::TestReportSimilarityLogCorrupted::test_log_potential_duplicate_corrupted_log PASSED
backend/tests/test_coverage_boost12.py::TestIntegrityBridgeReadState::test_read_state_corrupted_file PASSED
backend/tests/test_coverage_boost12.py::TestVaultSessionEdge::test_vault_unlock_session_expired PASSED
backend/tests/test_coverage_boost12.py::TestReportDraftAssistant::test_run_tests PASSED
backend/tests/test_coverage_boost13.py::TestApiV2ContractStrict::test_get_measurement_completeness_no_fields PASSED
backend/tests/test_coverage_boost13.py::TestApiV2ContractStrict::test_get_measurement_completeness_partial PASSED
backend/tests/test_coverage_boost13.py::TestApiV2ContractStrict::test_validate_response_strict_raises PASSED
backend/tests/test_coverage_boost13.py::TestApiV2ContractStrict::test_validate_response_strict_valid PASSED
backend/tests/test_coverage_boost13.py::TestRepresentationGuardFlatten::test_flatten_values_deeply_nested PASSED
backend/tests/test_coverage_boost13.py::TestRepresentationGuardFlatten::test_flatten_values_nested_list_with_dicts PASSED
backend/tests/test_coverage_boost13.py::TestVaultSessionAuditLogOSError::test_audit_log_oserror_suppressed PASSED
backend/tests/test_coverage_boost14.py::TestYGBErrorLog::test_log_method PASSED
backend/tests/test_coverage_boost2.py::TestFieldProgressionDefaults::test_default_state_first_field_active PASSED
backend/tests/test_coverage_boost2.py::TestFieldProgressionDefaults::test_default_state_other_fields_locked PASSED
backend/tests/test_coverage_boost2.py::TestFieldProgressionDefaults::test_default_state_structure PASSED
backend/tests/test_coverage_boost2.py::TestFieldProgressionProgress::test_progress_all_metrics_perfect PASSED
backend/tests/test_coverage_boost2.py::TestFieldProgressionProgress::test_progress_bad_ece PASSED
backend/tests/test_coverage_boost2.py::TestFieldProgressionProgress::test_progress_bad_fpr PASSED
backend/tests/test_coverage_boost2.py::TestFieldProgressionProgress::test_progress_no_metrics PASSED
backend/tests/test_coverage_boost2.py::TestFieldProgressionProgress::test_progress_partial_metrics PASSED
backend/tests/test_coverage_boost2.py::TestFieldProgressionBuildRuntime::test_runtime_demoted_field PASSED
backend/tests/test_coverage_boost2.py::TestFieldProgressionBuildRuntime::test_runtime_file_read_error PASSED
backend/tests/test_coverage_boost2.py::TestFieldProgressionBuildRuntime::test_runtime_no_persisted_file PASSED
backend/tests/test_coverage_boost2.py::TestFieldProgressionBuildRuntime::test_runtime_with_persisted_data PASSED
backend/tests/test_coverage_boost2.py::TestFieldProgressionAdvance::test_advance_already_training PASSED
backend/tests/test_coverage_boost2.py::TestFieldProgressionAdvance::test_advance_last_field PASSED
backend/tests/test_coverage_boost2.py::TestFieldProgressionAdvance::test_advance_normal PASSED
backend/tests/test_coverage_boost2.py::TestFieldProgressionGetActiveProgress::test_get_active_progress_all_complete PASSED
backend/tests/test_coverage_boost2.py::TestFieldProgressionGetActiveProgress::test_get_active_progress_normal PASSED
backend/tests/test_coverage_boost2.py::TestFieldProgressionApproveField::test_approve_empty_approver PASSED
backend/tests/test_coverage_boost2.py::TestFieldProgressionApproveField::test_approve_empty_reason PASSED
backend/tests/test_coverage_boost2.py::TestFieldProgressionApproveField::test_approve_invalid_field_id PASSED
backend/tests/test_coverage_boost2.py::TestFieldProgressionApproveField::test_approve_out_of_range PASSED
backend/tests/test_coverage_boost2.py::TestFieldProgressionLoadSave::test_load_field_state_corrupt PASSED
backend/tests/test_coverage_boost2.py::TestFieldProgressionLoadSave::test_load_field_state_missing PASSED
backend/tests/test_coverage_boost2.py::TestFieldProgressionSaveRuntimeStatus::test_save_runtime_status PASSED
backend/tests/test_coverage_boost2.py::TestFieldProgressionSignedApproval::test_signed_approval_exception PASSED
backend/tests/test_coverage_boost2.py::TestRuntimeApiHelpers::test_compute_crc32 PASSED
backend/tests/test_coverage_boost2.py::TestRuntimeApiHelpers::test_compute_payload_crc PASSED
backend/tests/test_coverage_boost2.py::TestRuntimeApiHelpers::test_crc32_table PASSED
backend/tests/test_coverage_boost2.py::TestRuntimeApiHelpers::test_get_hmac_secret_missing PASSED
backend/tests/test_coverage_boost2.py::TestRuntimeApiHelpers::test_get_hmac_secret_set PASSED
backend/tests/test_coverage_boost2.py::TestRuntimeApiHelpers::test_load_hmac_key_from_env PASSED
backend/tests/test_coverage_boost2.py::TestRuntimeApiHelpers::test_load_hmac_key_hex_env PASSED
backend/tests/test_coverage_boost2.py::TestRuntimeApiHelpers::test_load_hmac_key_no_env_no_file PASSED
backend/tests/test_coverage_boost2.py::TestRuntimeApiHelpers::test_load_last_seen_timestamp_missing PASSED
backend/tests/test_coverage_boost2.py::TestRuntimeApiHelpers::test_load_last_seen_timestamp_valid PASSED
backend/tests/test_coverage_boost2.py::TestRuntimeApiHelpers::test_sign_payload PASSED
backend/tests/test_coverage_boost2.py::TestRuntimeApiHelpers::test_validate_hmac_missing PASSED
backend/tests/test_coverage_boost2.py::TestRuntimeApiHelpers::test_validate_structure_all_present PASSED
backend/tests/test_coverage_boost2.py::TestRuntimeApiHelpers::test_validate_structure_missing PASSED
backend/tests/test_coverage_boost2.py::TestRuntimeApiValidation::test_validate_telemetry_invalid_json PASSED
backend/tests/test_coverage_boost2.py::TestRuntimeApiValidation::test_validate_telemetry_missing_field PASSED
backend/tests/test_coverage_boost2.py::TestRuntimeApiValidation::test_validate_telemetry_missing_file PASSED
backend/tests/test_coverage_boost2.py::TestRuntimeApiValidation::test_validate_telemetry_read_error PASSED
backend/tests/test_coverage_boost2.py::TestRuntimeApiGetStatus::test_get_runtime_status_corrupt_json PASSED
backend/tests/test_coverage_boost2.py::TestRuntimeApiGetStatus::test_get_runtime_status_degraded PASSED
backend/tests/test_coverage_boost2.py::TestRuntimeApiGetStatus::test_get_runtime_status_missing_fields PASSED
backend/tests/test_coverage_boost2.py::TestRuntimeApiGetStatus::test_get_runtime_status_no_files PASSED
backend/tests/test_coverage_boost2.py::TestRuntimeApiGetStatus::test_get_runtime_status_stale PASSED
backend/tests/test_coverage_boost2.py::TestRuntimeApiGetStatus::test_get_runtime_status_valid_state PASSED
backend/tests/test_coverage_boost2.py::TestRuntimeApiInitialize::test_initialize_non_production PASSED
backend/tests/test_coverage_boost2.py::TestRuntimeApiInitialize::test_initialize_production_no_secret PASSED
backend/tests/test_coverage_boost2.py::TestRuntimeApiInitialize::test_initialize_production_with_secret PASSED
backend/tests/test_coverage_boost2.py::TestReportGeneratorHelpers2::test_ensure_tables_db_error PASSED
backend/tests/test_coverage_boost2.py::TestReportGeneratorHelpers2::test_ensure_tables_success PASSED
backend/tests/test_coverage_boost2.py::TestReportGeneratorHelpers2::test_generate_id PASSED
backend/tests/test_coverage_boost2.py::TestReportGeneratorHelpers2::test_now_iso PASSED
backend/tests/test_coverage_boost2.py::TestAuthServerLoginEndpoint::test_login_bad_password PASSED
backend/tests/test_coverage_boost2.py::TestAuthServerLoginEndpoint::test_login_trusted_device PASSED
backend/tests/test_coverage_boost2.py::TestAuthServerLoginEndpoint::test_login_untrusted_new_device_otp PASSED
backend/tests/test_coverage_boost2.py::TestAuthServerLoginEndpoint::test_login_user_not_found PASSED
backend/tests/test_coverage_boost2.py::TestAuthServerVerifyOTP::test_verify_otp_expired PASSED
backend/tests/test_coverage_boost2.py::TestAuthServerVerifyOTP::test_verify_otp_invalid_hash PASSED
backend/tests/test_coverage_boost2.py::TestAuthServerVerifyOTP::test_verify_otp_no_pending PASSED
backend/tests/test_coverage_boost3.py::TestAuthPasswordHashing::test_hash_password_returns_versioned PASSED
backend/tests/test_coverage_boost3.py::TestAuthPasswordHashing::test_needs_rehash PASSED
backend/tests/test_coverage_boost3.py::TestAuthPasswordHashing::test_verify_password_empty PASSED
backend/tests/test_coverage_boost3.py::TestAuthPasswordHashing::test_verify_password_legacy_v1 PASSED
backend/tests/test_coverage_boost3.py::TestAuthPasswordHashing::test_verify_password_no_colon PASSED
backend/tests/test_coverage_boost3.py::TestAuthPasswordHashing::test_verify_password_roundtrip PASSED
backend/tests/test_coverage_boost3.py::TestAuthPasswordHashing::test_verify_password_v2_bad_parts PASSED
backend/tests/test_coverage_boost3.py::TestAuthPasswordHashing::test_verify_password_v2_format PASSED
backend/tests/test_coverage_boost3.py::TestAuthPasswordHashing::test_verify_password_v3s_bad_parts PASSED
backend/tests/test_coverage_boost3.py::TestAuthRateLimiter::test_rate_limiter_limited_after_max PASSED
backend/tests/test_coverage_boost3.py::TestAuthRateLimiter::test_rate_limiter_not_limited PASSED
backend/tests/test_coverage_boost3.py::TestAuthRateLimiter::test_rate_limiter_remaining PASSED
backend/tests/test_coverage_boost3.py::TestAuthRateLimiter::test_rate_limiter_reset PASSED
backend/tests/test_coverage_boost3.py::TestAuthSimpleToken::test_generate_and_verify_simple_token PASSED
backend/tests/test_coverage_boost3.py::TestAuthSimpleToken::test_verify_simple_token_bad_sig PASSED
backend/tests/test_coverage_boost3.py::TestAuthSimpleToken::test_verify_simple_token_expired PASSED
backend/tests/test_coverage_boost3.py::TestAuthSimpleToken::test_verify_simple_token_invalid_format PASSED
backend/tests/test_coverage_boost3.py::TestAuthSimpleToken::test_verify_simple_token_non_numeric_expiry PASSED
backend/tests/test_coverage_boost3.py::TestAuthHelpers::test_compute_device_hash PASSED
backend/tests/test_coverage_boost3.py::TestAuthHelpers::test_compute_device_hash_empty PASSED
backend/tests/test_coverage_boost3.py::TestAuthHelpers::test_generate_csrf_token PASSED
backend/tests/test_coverage_boost3.py::TestAuthHelpers::test_get_rate_limiter_singleton PASSED
backend/tests/test_coverage_boost3.py::TestAuthHelpers::test_verify_csrf_token PASSED
backend/tests/test_coverage_boost3.py::TestMemoryStore::test_memory_store_lifecycle PASSED
backend/tests/test_coverage_boost3.py::TestFileStore::test_file_store_load_corrupt PASSED
backend/tests/test_coverage_boost3.py::TestFileStore::test_file_store_load_existing PASSED
backend/tests/test_coverage_boost3.py::TestFileStore::test_file_store_new PASSED
backend/tests/test_coverage_boost3.py::TestFileStore::test_file_store_no_duplicate PASSED
backend/tests/test_coverage_boost3.py::TestRevocationPublicAPI::test_get_backend_health_memory PASSED
backend/tests/test_coverage_boost3.py::TestRevocationPublicAPI::test_get_store_file_backend PASSED
backend/tests/test_coverage_boost3.py::TestRevocationPublicAPI::test_revoke_and_check_session PASSED
backend/tests/test_coverage_boost3.py::TestRevocationPublicAPI::test_revoke_and_check_token PASSED
backend/tests/test_coverage_boost3.py::TestAuthGuardSSRF::test_validate_127_ip PASSED
backend/tests/test_coverage_boost3.py::TestAuthGuardSSRF::test_validate_empty_url PASSED
backend/tests/test_coverage_boost3.py::TestAuthGuardSSRF::test_validate_localhost PASSED
backend/tests/test_coverage_boost3.py::TestAuthGuardSSRF::test_validate_metadata_ip PASSED
backend/tests/test_coverage_boost3.py::TestAuthGuardSSRF::test_validate_no_scheme PASSED
backend/tests/test_coverage_boost3.py::TestAuthGuardSSRF::test_validate_private_ip PASSED
backend/tests/test_coverage_boost3.py::TestAuthGuardSSRF::test_validate_public_domain PASSED
backend/tests/test_coverage_boost3.py::TestAuthGuardSSRF::test_validate_wildcard_tld PASSED
backend/tests/test_coverage_boost3.py::TestAuthGuardPreflight::test_preflight_all_valid [PREFLIGHT] OK - All security preflight checks passed
[PREFLIGHT] WARN: GITHUB_CLIENT_SECRET is empty — GitHub OAuth will not work
[PREFLIGHT] WARN: DATABASE_URL is not set — using default sqlite:///C:/ygb_data/ygb.db
PASSED
backend/tests/test_coverage_boost3.py::TestAuthGuardPreflight::test_preflight_missing_secrets PASSED
backend/tests/test_coverage_boost3.py::TestAuthGuardPreflight::test_preflight_placeholder_secret PASSED
backend/tests/test_coverage_boost3.py::TestAuthGuardPreflight::test_preflight_short_secret PASSED
backend/tests/test_coverage_boost3.py::TestAuthGuardHelpers::test_allowed_origins_custom PASSED
backend/tests/test_coverage_boost3.py::TestAuthGuardHelpers::test_allowed_origins_default PASSED
backend/tests/test_coverage_boost3.py::TestAuthGuardHelpers::test_build_temporary_auth_user PASSED
backend/tests/test_coverage_boost3.py::TestAuthGuardHelpers::test_extract_cookie_token PASSED
backend/tests/test_coverage_boost3.py::TestAuthGuardHelpers::test_extract_cookie_token_legacy PASSED
backend/tests/test_coverage_boost3.py::TestAuthGuardHelpers::test_extract_cookie_token_none PASSED
backend/tests/test_coverage_boost3.py::TestAuthGuardHelpers::test_is_temporary_auth_bypass_enabled PASSED
backend/tests/test_coverage_boost3.py::TestAuthGuardHelpers::test_normalize_origin PASSED
backend/tests/test_coverage_boost3.py::TestAuthGuardRequireAdmin::test_require_admin_forbidden PASSED
backend/tests/test_coverage_boost3.py::TestAuthGuardRequireAdmin::test_require_admin_success PASSED
backend/tests/test_coverage_boost3.py::TestAuthGuardCSRF::test_csrf_bad_origin PASSED
backend/tests/test_coverage_boost3.py::TestAuthGuardCSRF::test_csrf_good_origin_no_token PASSED
backend/tests/test_coverage_boost3.py::TestAuthGuardCSRF::test_csrf_good_origin_with_valid_token PASSED
backend/tests/test_coverage_boost3.py::TestAuthGuardCSRF::test_csrf_no_origin_no_referer PASSED
backend/tests/test_coverage_boost3.py::TestAuthGuardCSRF::test_csrf_safe_method_skips PASSED
backend/tests/test_coverage_boost3.py::TestAuthGuardCSRF::test_csrf_uses_referer_when_no_origin PASSED
backend/tests/test_coverage_boost3.py::TestAuthGuardVerifyToken::test_verify_token_invalid_jwt PASSED
backend/tests/test_coverage_boost3.py::TestAuthGuardVerifyToken::test_verify_token_revoked PASSED
backend/tests/test_coverage_boost3.py::TestAuthGuardVerifyToken::test_verify_token_session_revoked PASSED
backend/tests/test_coverage_boost3.py::TestAuthGuardVerifyToken::test_verify_token_success PASSED
backend/tests/test_coverage_boost3.py::TestAuthGuardWSAuth::test_ws_auth_bearer_protocol PASSED
backend/tests/test_coverage_boost3.py::TestAuthGuardWSAuth::test_ws_auth_bypass PASSED
backend/tests/test_coverage_boost3.py::TestAuthGuardWSAuth::test_ws_auth_cookie PASSED
backend/tests/test_coverage_boost3.py::TestAuthGuardWSAuth::test_ws_auth_no_token PASSED
backend/tests/test_coverage_boost3.py::TestAuthGuardWSAuth::test_ws_auth_query_param_rejected PASSED
backend/tests/test_coverage_boost3.py::TestAuthGuardWSAuth::test_ws_auth_revoked_session PASSED
backend/tests/test_coverage_boost3.py::TestAuthGuardWSAuth::test_ws_auth_revoked_token PASSED
backend/tests/test_coverage_boost3.py::TestRedisStoreMocked::test_redis_store_connection_failure PASSED
backend/tests/test_coverage_boost3.py::TestRedisStoreMocked::test_redis_store_unavailable_fail_closed PASSED
backend/tests/test_coverage_boost3.py::TestRevocationBackendHealthFile::test_backend_health_file PASSED
backend/tests/test_coverage_boost4.py::TestAdminAuthLockout::test_clear_lockout PASSED
backend/tests/test_coverage_boost4.py::TestAdminAuthLockout::test_clear_lockout_nonexistent PASSED
backend/tests/test_coverage_boost4.py::TestAdminAuthLockout::test_lockout_after_max_attempts PASSED
backend/tests/test_coverage_boost4.py::TestAdminAuthLockout::test_lockout_expired PASSED
backend/tests/test_coverage_boost4.py::TestAdminAuthLockout::test_not_locked_out_initially PASSED
backend/tests/test_coverage_boost4.py::TestAdminAuthLockout::test_record_failed_attempts PASSED
backend/tests/test_coverage_boost4.py::TestAdminAuthSession::test_create_session_returns_token PASSED
backend/tests/test_coverage_boost4.py::TestAdminAuthSession::test_destroy_session PASSED
backend/tests/test_coverage_boost4.py::TestAdminAuthSession::test_expired_session PASSED
backend/tests/test_coverage_boost4.py::TestAdminAuthSession::test_validate_session_bad_token PASSED
backend/tests/test_coverage_boost4.py::TestAdminAuthSession::test_validate_session_success PASSED
backend/tests/test_coverage_boost4.py::TestAdminAuthJWT::test_create_and_verify_jwt PASSED
backend/tests/test_coverage_boost4.py::TestAdminAuthJWT::test_jwt_secret_auto_generation PASSED
backend/tests/test_coverage_boost4.py::TestAdminAuthJWT::test_verify_jwt_bad_format PASSED
backend/tests/test_coverage_boost4.py::TestAdminAuthJWT::test_verify_jwt_bad_signature PASSED
backend/tests/test_coverage_boost4.py::TestAdminAuthTOTP::test_generate_totp_secret PASSED
backend/tests/test_coverage_boost4.py::TestAdminAuthTOTP::test_totp_uri_generation PASSED
backend/tests/test_coverage_boost4.py::TestAdminAuthTOTP::test_verify_totp_wrong_code PASSED
backend/tests/test_coverage_boost4.py::TestAdminAuthUserManagement::test_get_user PASSED
backend/tests/test_coverage_boost4.py::TestAdminAuthUserManagement::test_get_user_not_found PASSED
backend/tests/test_coverage_boost4.py::TestAdminAuthUserManagement::test_load_users_empty PASSED
backend/tests/test_coverage_boost4.py::TestAdminAuthUserManagement::test_register_admin PASSED
backend/tests/test_coverage_boost4.py::TestAdminAuthUserManagement::test_register_duplicate_user PASSED
backend/tests/test_coverage_boost4.py::TestAdminAuthUserManagement::test_register_invalid_role PASSED
backend/tests/test_coverage_boost4.py::TestAdminAuthUserManagement::test_register_worker PASSED
backend/tests/test_coverage_boost4.py::TestAdminAuthLogin::test_login_bad_totp PASSED
backend/tests/test_coverage_boost4.py::TestAdminAuthLogin::test_login_locked_out PASSED
backend/tests/test_coverage_boost4.py::TestAdminAuthLogin::test_login_prelocked_account PASSED
backend/tests/test_coverage_boost4.py::TestAdminAuthLogin::test_login_unknown_user PASSED
backend/tests/test_coverage_boost4.py::TestAdminAuthMiddleware::test_require_auth_bypass PASSED
backend/tests/test_coverage_boost4.py::TestAdminAuthMiddleware::test_require_auth_jwt PASSED
backend/tests/test_coverage_boost4.py::TestAdminAuthMiddleware::test_require_auth_no_creds PASSED
backend/tests/test_coverage_boost4.py::TestAdminAuthMiddleware::test_require_auth_role_check_fail PASSED
backend/tests/test_coverage_boost4.py::TestAdminAuthMiddleware::test_require_auth_role_check_pass PASSED
backend/tests/test_coverage_boost4.py::TestAdminAuthMiddleware::test_require_auth_session PASSED
backend/tests/test_coverage_boost4.py::TestAdminAuthLogout::test_logout_bypass_mode PASSED
backend/tests/test_coverage_boost4.py::TestAdminAuthLogout::test_logout_destroys_session PASSED
backend/tests/test_coverage_boost4.py::TestAdminAuthLogout::test_logout_nonexistent_session PASSED
backend/tests/test_coverage_boost4.py::TestAdminAuthAudit::test_audit_log_multiple_entries PASSED
backend/tests/test_coverage_boost4.py::TestAdminAuthAudit::test_audit_log_writes_to_file PASSED
backend/tests/test_coverage_boost4.py::TestFieldProgressionStatePersistence::test_load_state_corrupt_file PASSED
backend/tests/test_coverage_boost4.py::TestFieldProgressionStatePersistence::test_load_state_file_missing PASSED
backend/tests/test_coverage_boost4.py::TestFieldProgressionStatePersistence::test_save_and_load_state PASSED
backend/tests/test_coverage_boost4.py::TestFieldProgressionRuntimeStatus::test_build_runtime_corrupt_file PASSED
backend/tests/test_coverage_boost4.py::TestFieldProgressionRuntimeStatus::test_build_runtime_status_default PASSED
backend/tests/test_coverage_boost4.py::TestFieldProgressionRuntimeStatus::test_build_runtime_status_demoted_field PASSED
backend/tests/test_coverage_boost4.py::TestFieldProgressionRuntimeStatus::test_build_runtime_status_with_persisted_data PASSED
backend/tests/test_coverage_boost4.py::TestFieldProgressionHandlers::test_advance_past_end PASSED
backend/tests/test_coverage_boost4.py::TestFieldProgressionHandlers::test_get_active_progress PASSED
backend/tests/test_coverage_boost4.py::TestFieldProgressionHandlers::test_get_active_progress_all_complete PASSED
backend/tests/test_coverage_boost4.py::TestFieldProgressionHandlers::test_save_runtime_status PASSED
backend/tests/test_coverage_boost4.py::TestFieldProgressionHandlers::test_signed_approval_status_no_ledger PASSED
backend/tests/test_coverage_boost4.py::TestFieldProgressionHandlers::test_start_hunt_no_authority PASSED
backend/tests/test_coverage_boost4.py::TestFieldProgressionHandlers::test_start_hunt_not_certified PASSED
backend/tests/test_coverage_boost4.py::TestFieldProgressionHandlers::test_start_hunt_not_frozen PASSED
backend/tests/test_coverage_boost4.py::TestFieldProgressionHandlers::test_start_training_all_complete PASSED
backend/tests/test_coverage_boost4.py::TestFieldProgressionHandlers::test_start_training_no_authority PASSED
backend/tests/test_coverage_boost5.py::TestAuthServerBackoff::test_apply_backoff_no_failures PASSED
backend/tests/test_coverage_boost5.py::TestAuthServerBackoff::test_apply_backoff_with_failures PASSED
backend/tests/test_coverage_boost5.py::TestAuthServerBackoff::test_record_and_clear_failures PASSED
backend/tests/test_coverage_boost5.py::TestAuthServerDeviceFingerprint::test_generate_device_fingerprint PASSED
backend/tests/test_coverage_boost5.py::TestAuthServerDeviceFingerprint::test_get_ip_subnet_ipv4 PASSED
backend/tests/test_coverage_boost5.py::TestAuthServerDeviceFingerprint::test_get_ip_subnet_ipv6 PASSED
backend/tests/test_coverage_boost5.py::TestAuthServerDeviceFingerprint::test_is_trusted_device_expired PASSED
backend/tests/test_coverage_boost5.py::TestAuthServerDeviceFingerprint::test_is_trusted_device_ip_change PASSED
backend/tests/test_coverage_boost5.py::TestAuthServerDeviceFingerprint::test_is_trusted_device_not_found PASSED
backend/tests/test_coverage_boost5.py::TestAuthServerDeviceFingerprint::test_is_trusted_device_valid PASSED
backend/tests/test_coverage_boost5.py::TestAuthServerDeviceFingerprint::test_trust_device_existing_user PASSED
backend/tests/test_coverage_boost5.py::TestAuthServerDeviceFingerprint::test_trust_device_new_user PASSED
backend/tests/test_coverage_boost5.py::TestAuthServerOTP::test_send_otp_email_no_config PASSED
backend/tests/test_coverage_boost5.py::TestAuthServerOTP::test_send_otp_email_smtp_failure PASSED
backend/tests/test_coverage_boost5.py::TestAuthServerOTP::test_send_otp_email_success PASSED
backend/tests/test_coverage_boost5.py::TestAuthServerCheckOTPRate::test_check_otp_rate_exceeded PASSED
backend/tests/test_coverage_boost5.py::TestAuthServerCheckOTPRate::test_check_otp_rate_normal PASSED
backend/tests/test_coverage_boost5.py::TestRedisStoreMocked::test_redis_clear PASSED
backend/tests/test_coverage_boost5.py::TestRedisStoreMocked::test_redis_fail_closed_session PASSED
backend/tests/test_coverage_boost5.py::TestRedisStoreMocked::test_redis_fail_closed_token PASSED
backend/tests/test_coverage_boost5.py::TestRedisStoreMocked::test_redis_is_session_revoked_false PASSED
backend/tests/test_coverage_boost5.py::TestRedisStoreMocked::test_redis_is_session_revoked_true PASSED
backend/tests/test_coverage_boost5.py::TestRedisStoreMocked::test_redis_is_token_revoked_false PASSED
backend/tests/test_coverage_boost5.py::TestRedisStoreMocked::test_redis_is_token_revoked_true PASSED
backend/tests/test_coverage_boost5.py::TestRedisStoreMocked::test_redis_revoke_session PASSED
backend/tests/test_coverage_boost5.py::TestRedisStoreMocked::test_redis_revoke_token PASSED
backend/tests/test_coverage_boost5.py::TestRedisStoreMocked::test_redis_unavailable_revoke_session PASSED
backend/tests/test_coverage_boost5.py::TestRedisStoreMocked::test_redis_unavailable_revoke_token PASSED
backend/tests/test_coverage_boost5.py::TestGetStoreSingleton::test_get_store_cached PASSED
backend/tests/test_coverage_boost5.py::TestGetStoreSingleton::test_get_store_file PASSED
backend/tests/test_coverage_boost5.py::TestGetStoreSingleton::test_get_store_memory PASSED
backend/tests/test_coverage_boost5.py::TestGetStoreSingleton::test_get_store_redis PASSED
backend/tests/test_coverage_boost5.py::TestGetBackendHealth::test_health_file PASSED
backend/tests/test_coverage_boost5.py::TestGetBackendHealth::test_health_memory PASSED
backend/tests/test_coverage_boost5.py::TestGetBackendHealth::test_health_redis_available PASSED
backend/tests/test_coverage_boost5.py::TestGetBackendHealth::test_health_redis_unavailable PASSED
backend/tests/test_coverage_boost5.py::TestRevocationPublicAPI::test_revoke_and_check_session PASSED
backend/tests/test_coverage_boost5.py::TestRevocationPublicAPI::test_revoke_and_check_token PASSED
backend/tests/test_coverage_boost5.py::TestWsAuthenticate::test_ws_auth_bypass PASSED
backend/tests/test_coverage_boost5.py::TestWsAuthenticate::test_ws_auth_invalid_jwt PASSED
backend/tests/test_coverage_boost5.py::TestWsAuthenticate::test_ws_auth_no_token PASSED
backend/tests/test_coverage_boost5.py::TestWsAuthenticate::test_ws_auth_query_param_rejected PASSED
backend/tests/test_coverage_boost5.py::TestWsAuthenticate::test_ws_auth_revoked_session PASSED
backend/tests/test_coverage_boost5.py::TestWsAuthenticate::test_ws_auth_revoked_token PASSED
backend/tests/test_coverage_boost5.py::TestWsAuthenticate::test_ws_auth_via_cookie PASSED
backend/tests/test_coverage_boost5.py::TestWsAuthenticate::test_ws_auth_via_protocol PASSED
backend/tests/test_coverage_boost5.py::TestRequireAuthRoleHydration::test_role_already_present PASSED
backend/tests/test_coverage_boost5.py::TestRequireAuthRoleHydration::test_role_hydration_from_storage PASSED
backend/tests/test_coverage_boost5.py::TestRequireAuthRoleHydration::test_role_hydration_storage_failure PASSED
backend/tests/test_coverage_boost5.py::TestSyncActiveFieldTraining::test_sync_all_fields_complete PASSED
backend/tests/test_coverage_boost5.py::TestSyncActiveFieldTraining::test_sync_promotion_frozen PASSED
backend/tests/test_coverage_boost5.py::TestSyncActiveFieldTraining::test_sync_promotion_ready_approved_freeze_allowed PASSED
backend/tests/test_coverage_boost5.py::TestSyncActiveFieldTraining::test_sync_promotion_ready_approved_no_freeze PASSED
backend/tests/test_coverage_boost5.py::TestSyncActiveFieldTraining::test_sync_promotion_ready_no_approval PASSED
backend/tests/test_coverage_boost5.py::TestSyncActiveFieldTraining::test_sync_stability_check PASSED
backend/tests/test_coverage_boost5.py::TestSyncActiveFieldTraining::test_sync_training_basic PASSED
backend/tests/test_coverage_boost5.py::TestApproveField::test_approve_field_id_too_high PASSED
backend/tests/test_coverage_boost5.py::TestApproveField::test_approve_invalid_field_id PASSED
backend/tests/test_coverage_boost5.py::TestApproveField::test_approve_missing_approver PASSED
backend/tests/test_coverage_boost5.py::TestApproveField::test_approve_missing_reason PASSED
backend/tests/test_coverage_boost6.py::TestApproveFieldHappyPath::test_approve_field_sig_fail PASSED
backend/tests/test_coverage_boost6.py::TestApproveFieldHappyPath::test_approve_field_success PASSED
backend/tests/test_coverage_boost6.py::TestGetFieldsState::test_get_fields_state PASSED
backend/tests/test_coverage_boost6.py::TestStartTrainingFrozenAdvance::test_start_training_bad_state PASSED
backend/tests/test_coverage_boost6.py::TestStartTrainingFrozenAdvance::test_start_training_frozen_advance_success PASSED
backend/tests/test_coverage_boost6.py::TestStartTrainingFrozenAdvance::test_start_training_frozen_last_field_advance_none PASSED
backend/tests/test_coverage_boost6.py::TestStartTrainingFrozenAdvance::test_start_training_frozen_ledger_tampered PASSED
backend/tests/test_coverage_boost6.py::TestStartTrainingFrozenAdvance::test_start_training_frozen_no_approval PASSED
backend/tests/test_coverage_boost6.py::TestStartHuntFull::test_start_hunt_all_complete PASSED
backend/tests/test_coverage_boost6.py::TestStartHuntFull::test_start_hunt_all_gates_pass PASSED
backend/tests/test_coverage_boost6.py::TestStartHuntFull::test_start_hunt_ledger_tampered PASSED
backend/tests/test_coverage_boost6.py::TestStartHuntFull::test_start_hunt_no_approval_in_ledger PASSED
backend/tests/test_coverage_boost6.py::TestAuthServerAdminAlert::test_admin_alert_no_admin_email PASSED
backend/tests/test_coverage_boost6.py::TestAuthServerAdminAlert::test_admin_alert_no_smtp_config PASSED
backend/tests/test_coverage_boost6.py::TestAuthServerAdminAlert::test_admin_alert_smtp_failure PASSED
backend/tests/test_coverage_boost6.py::TestAuthServerAdminAlert::test_admin_alert_smtp_success PASSED
backend/tests/test_coverage_boost6.py::TestAuthServerOTPGenerate::test_generate_and_store_otp PASSED
backend/tests/test_coverage_boost6.py::TestAuthServerOTPGenerate::test_generate_and_store_otp_email_fail PASSED
backend/tests/test_coverage_boost6.py::TestAuthServerCreateSession::test_create_session PASSED
backend/tests/test_coverage_boost6.py::TestDeviceAuthorityPairing::test_process_pairing_invalid_otp PASSED
backend/tests/test_coverage_boost6.py::TestDeviceAuthorityPairing::test_process_pairing_no_otp_pending PASSED
backend/tests/test_coverage_boost6.py::TestDeviceAuthorityPairing::test_process_pairing_no_request PASSED
backend/tests/test_coverage_boost6.py::TestDeviceAuthorityPairing::test_process_pairing_revoked PASSED
backend/tests/test_coverage_boost6.py::TestDeviceAuthorityPairing::test_process_pairing_valid_otp PASSED
backend/tests/test_coverage_boost6.py::TestDeviceAuthorityPairing::test_process_pairing_whitelisted PASSED
backend/tests/test_coverage_boost6.py::TestDeviceAuthorityListPending::test_list_pending_no_dir PASSED
backend/tests/test_coverage_boost6.py::TestDeviceAuthorityListPending::test_list_pending_with_requests PASSED
backend/tests/test_coverage_boost6.py::TestDeviceAuthorityMeshIP::test_assign_mesh_ip PASSED
backend/tests/test_coverage_boost6.py::TestSystemStatus::test_system_status_degraded PASSED
backend/tests/test_coverage_boost6.py::TestSystemStatus::test_system_status_healthy PASSED
backend/tests/test_coverage_boost6.py::TestSystemStatus::test_system_status_unhealthy PASSED
backend/tests/test_coverage_boost6.py::TestFieldProgressionCalculateProgress::test_progress_all_none PASSED
backend/tests/test_coverage_boost6.py::TestFieldProgressionCalculateProgress::test_progress_fpr_above_threshold PASSED
backend/tests/test_coverage_boost6.py::TestFieldProgressionCalculateProgress::test_progress_stability_only PASSED
backend/tests/test_coverage_boost6.py::TestFieldProgressionCalculateProgress::test_sync_stability_days_invalid_date PASSED
backend/tests/test_coverage_boost7_real.py::TestVideoRecordingRealDB::test_video_idor_protection PASSED
backend/tests/test_coverage_boost7_real.py::TestVideoRecordingRealDB::test_video_recording_not_found PASSED
backend/tests/test_coverage_boost7_real.py::TestVideoRecordingRealDB::test_video_start_stop_list_lifecycle PASSED
backend/tests/test_coverage_boost7_real.py::TestHostActionGovernorRealCrypto::test_canonicalize_app_name_real PASSED
backend/tests/test_coverage_boost7_real.py::TestHostActionGovernorRealCrypto::test_canonicalize_task_name_real PASSED
backend/tests/test_coverage_boost7_real.py::TestHostActionGovernorRealCrypto::test_resolve_app_command_notepad PASSED
backend/tests/test_coverage_boost7_real.py::TestHostActionGovernorRealCrypto::test_resolve_task_command_unknown PASSED
backend/tests/test_coverage_boost7_real.py::TestHostActionGovernorRealCrypto::test_session_has_expected_fields PASSED
backend/tests/test_coverage_boost7_real.py::TestHostActionGovernorRealCrypto::test_session_issue_and_verify_real_crypto PASSED
backend/tests/test_coverage_boost7_real.py::TestRuntimeAPIRealFiles::test_get_runtime_status_corrupt_state_file PASSED
backend/tests/test_coverage_boost7_real.py::TestRuntimeAPIRealFiles::test_get_runtime_status_no_files PASSED
backend/tests/test_coverage_boost7_real.py::TestRuntimeAPIRealFiles::test_get_runtime_status_with_real_state_file PASSED
backend/tests/test_coverage_boost7_real.py::TestRuntimeAPIRealFiles::test_initialize_runtime_non_production PASSED
backend/tests/test_coverage_boost7_real.py::TestRuntimeAPIRealFiles::test_initialize_runtime_production_no_secret PASSED
backend/tests/test_coverage_boost7_real.py::TestRuntimeAPIRealFiles::test_initialize_runtime_production_with_old_telemetry PASSED
backend/tests/test_coverage_boost7_real.py::TestAuthServerLoginRealBcrypt::test_bcrypt_password_hash_and_verify PASSED
backend/tests/test_coverage_boost7_real.py::TestAuthServerLoginRealBcrypt::test_create_session_real_tokens PASSED
backend/tests/test_coverage_boost7_real.py::TestAuthServerLoginRealBcrypt::test_device_fingerprint_real_sha256 PASSED
backend/tests/test_coverage_boost7_real.py::TestAuthServerLoginRealBcrypt::test_otp_hash_storage_never_plaintext PASSED
backend/tests/test_coverage_boost7_real.py::TestBrowserEndpointsRealFiles::test_get_representation_impact_empty_hash_index PASSED
backend/tests/test_coverage_boost7_real.py::TestBrowserEndpointsRealFiles::test_get_representation_impact_no_data PASSED
backend/tests/test_coverage_boost7_real.py::TestBrowserEndpointsRealFiles::test_get_representation_impact_with_data PASSED
backend/tests/test_coverage_boost7_real.py::TestDBSafetyRealSQLite::test_connection_to_nonexistent_dir PASSED
backend/tests/test_coverage_boost7_real.py::TestDBSafetyRealSQLite::test_db_safety_import PASSED
backend/tests/test_coverage_boost7_real.py::TestDBSafetyRealSQLite::test_safe_insert_and_rollback PASSED
backend/tests/test_coverage_boost7_real.py::TestDBSafetyRealSQLite::test_safe_select PASSED
backend/tests/test_coverage_boost7_real.py::TestReportOrchestratorRealFiles::test_report_content_hash_integrity PASSED
backend/tests/test_coverage_boost7_real.py::TestReportOrchestratorRealFiles::test_report_directory_listing PASSED
backend/tests/test_coverage_boost7_real.py::TestReportOrchestratorRealFiles::test_report_file_write_and_read PASSED
backend/tests/test_coverage_boost7_real.py::TestAdminAuthRealTOTP::test_real_totp_generation_and_verify SKIPPED
backend/tests/test_coverage_boost7_real.py::TestAdminAuthRealTOTP::test_real_totp_uri_format SKIPPED
backend/tests/test_coverage_boost7_real.py::TestAdminAuthRealJWT::test_real_jwt_expired PASSED
backend/tests/test_coverage_boost7_real.py::TestAdminAuthRealJWT::test_real_jwt_roundtrip PASSED
backend/tests/test_coverage_boost7_real.py::TestAdminAuthRealJWT::test_real_jwt_tampering_detected PASSED
backend/tests/test_coverage_boost7_real.py::TestAdminAuthRealSessions::test_session_file_lifecycle PASSED
backend/tests/test_coverage_boost7_real.py::TestAuthGuardPreflightReal::test_preflight_pattern_matching PASSED
backend/tests/test_coverage_boost7_real.py::TestAuthGuardPreflightReal::test_preflight_placeholder_secret_detected PASSED
backend/tests/test_coverage_boost7_real.py::TestAuthGuardPreflightReal::test_strong_secret_not_placeholder PASSED
backend/tests/test_coverage_boost8.py::TestReportGeneratorTestClient::test_create_list_get_report PASSED
backend/tests/test_coverage_boost8.py::TestReportGeneratorTestClient::test_video_lifecycle PASSED
backend/tests/test_coverage_boost8.py::TestHostActionGovernorValidateRequest::test_validate_action_not_approved PASSED
backend/tests/test_coverage_boost8.py::TestHostActionGovernorValidateRequest::test_validate_no_session_id PASSED
backend/tests/test_coverage_boost8.py::TestHostActionGovernorValidateRequest::test_validate_open_app_not_allowed PASSED
backend/tests/test_coverage_boost8.py::TestHostActionGovernorValidateRequest::test_validate_open_app_unknown PASSED
backend/tests/test_coverage_boost8.py::TestHostActionGovernorValidateRequest::test_validate_open_url_invalid_scheme PASSED
backend/tests/test_coverage_boost8.py::TestHostActionGovernorValidateRequest::test_validate_open_url_no_netloc PASSED
backend/tests/test_coverage_boost8.py::TestHostActionGovernorValidateRequest::test_validate_session_not_found PASSED
backend/tests/test_coverage_boost8.py::TestRuntimeAPIHMACReal::test_compute_payload_hmac_real PASSED
backend/tests/test_coverage_boost8.py::TestRuntimeAPIHMACReal::test_load_hmac_key_empty_file_fails PASSED
backend/tests/test_coverage_boost8.py::TestRuntimeAPIHMACReal::test_load_hmac_key_from_env PASSED
backend/tests/test_coverage_boost8.py::TestRuntimeAPIHMACReal::test_load_hmac_key_from_file PASSED
backend/tests/test_coverage_boost8.py::TestRuntimeAPIHMACReal::test_load_hmac_key_from_hex_env PASSED
backend/tests/test_coverage_boost8.py::TestRuntimeAPIHMACReal::test_register_routes_flask PASSED
backend/tests/test_coverage_boost8.py::TestRuntimeAPIHMACReal::test_save_and_load_last_seen PASSED
backend/tests/test_coverage_boost8.py::TestRuntimeAPIHMACReal::test_validate_hmac_invalid PASSED
backend/tests/test_coverage_boost8.py::TestRuntimeAPIHMACReal::test_validate_hmac_missing PASSED
backend/tests/test_coverage_boost8.py::TestRuntimeAPIHMACReal::test_validate_hmac_valid PASSED
backend/tests/test_coverage_boost8.py::TestReportOrchestratorRealWorkflow::test_full_workflow PASSED
backend/tests/test_coverage_boost8.py::TestReportOrchestratorRealWorkflow::test_high_dup_risk_is_insufficient PASSED
backend/tests/test_coverage_boost8.py::TestReportOrchestratorRealWorkflow::test_run_tests_selftest 
  Report Orchestrator: 9 passed, 0 failed
PASSED
backend/tests/test_coverage_boost8.py::TestDBSafetyAsync::test_db_transaction_commit PASSED
backend/tests/test_coverage_boost8.py::TestDBSafetyAsync::test_db_transaction_rollback_failure PASSED
backend/tests/test_coverage_boost8.py::TestDBSafetyAsync::test_db_transaction_rollback_on_error PASSED
backend/tests/test_coverage_boost8.py::TestDBSafetyAsync::test_safe_db_write_error_logging PASSED
backend/tests/test_coverage_boost8.py::TestDBSafetyAsync::test_safe_db_write_success PASSED
backend/tests/test_coverage_boost8.py::TestVaultSessionReal::test_vault_unlock_already_unlocked PASSED
backend/tests/test_coverage_boost8.py::TestVaultSessionReal::test_vault_unlock_bad_password PASSED
backend/tests/test_coverage_boost8.py::TestVaultSessionReal::test_vault_unlock_empty_password PASSED
backend/tests/test_coverage_boost8.py::TestVaultSessionReal::test_vault_unlock_invalid_session PASSED
backend/tests/test_coverage_boost8.py::TestVaultSessionReal::test_vault_unlock_no_session PASSED
backend/tests/test_coverage_boost8.py::TestVaultSessionReal::test_vault_unlock_non_admin PASSED
backend/tests/test_coverage_boost8.py::TestVaultSessionReal::test_vault_unlock_success PASSED
backend/tests/test_coverage_boost9.py::TestBrowserEndpointsFlaskRoutes::test_register_routes_calls_functions PASSED
backend/tests/test_coverage_boost9.py::TestBrowserEndpointsFlaskRoutes::test_register_routes_exception_handling PASSED
backend/tests/test_coverage_boost9.py::TestBrowserEndpointsFlaskRoutes::test_register_routes_flask_mock PASSED
backend/tests/test_coverage_boost9.py::TestAuthPasswordEdgeCases::test_hash_password_argon2 PASSED
backend/tests/test_coverage_boost9.py::TestAuthPasswordEdgeCases::test_hash_password_scrypt_fallback PASSED
backend/tests/test_coverage_boost9.py::TestAuthPasswordEdgeCases::test_verify_empty_password PASSED
backend/tests/test_coverage_boost9.py::TestAuthPasswordEdgeCases::test_verify_scrypt_bad_format PASSED
backend/tests/test_coverage_boost9.py::TestAuthPasswordEdgeCases::test_verify_scrypt_wrong_password PASSED
backend/tests/test_coverage_boost9.py::TestAuthPasswordEdgeCases::test_verify_v3_argon2_wrong_password PASSED
backend/tests/test_coverage_boost9.py::TestAuthPasswordEdgeCases::test_verify_v3_no_argon2 PASSED
backend/tests/test_coverage_boost9.py::TestAutomationEnforcerActions::test_allowed_count PASSED
backend/tests/test_coverage_boost9.py::TestAutomationEnforcerActions::test_log_evidence PASSED
backend/tests/test_coverage_boost9.py::TestAutomationEnforcerActions::test_log_hunt_step PASSED
backend/tests/test_coverage_boost9.py::TestAutomationEnforcerActions::test_log_voice_command PASSED
backend/tests/test_coverage_boost9.py::TestAutomationEnforcerActions::test_validate_hunt_all_good PASSED
backend/tests/test_coverage_boost9.py::TestAutomationEnforcerActions::test_validate_hunt_no_scope PASSED
backend/tests/test_coverage_boost9.py::TestAutomationEnforcerActions::test_validate_hunt_not_approved PASSED
backend/tests/test_coverage_boost9.py::TestAutomationEnforcerActions::test_validate_report_export_allowed PASSED
backend/tests/test_coverage_boost9.py::TestAutomationEnforcerActions::test_validate_report_export_blocked PASSED
backend/tests/test_coverage_boost9.py::TestAutomationEnforcerActions::test_validate_target_approved PASSED
backend/tests/test_coverage_boost9.py::TestAutomationEnforcerActions::test_validate_target_not_approved PASSED
backend/tests/test_coverage_boost9.py::TestAdminAuthAuditAndSecure::test_audit_log_oserror_suppressed PASSED
backend/tests/test_coverage_boost9.py::TestAdminAuthAuditAndSecure::test_audit_log_write PASSED
backend/tests/test_coverage_boost9.py::TestAdminAuthAuditAndSecure::test_ensure_secure_dir_linux_path PASSED
backend/tests/test_coverage_boost9.py::TestAdminAuthAuditAndSecure::test_is_locked_out_no_file PASSED
backend/tests/test_coverage_boost9.py::TestGeoIPResolve::test_empty_ip PASSED
backend/tests/test_coverage_boost9.py::TestGeoIPResolve::test_private_ip PASSED
backend/tests/test_coverage_boost9.py::TestGeoIPResolve::test_query_provider_timeout PASSED
backend/tests/test_coverage_boost9.py::TestGeoIPResolve::test_resolve_cache_overflow PASSED
backend/tests/test_coverage_boost9.py::TestGeoIPResolve::test_resolve_public_ip_fallback PASSED
backend/tests/test_coverage_boost9.py::TestGeoIPResolve::test_resolve_public_ip_success PASSED
backend/tests/test_coverage_boost9.py::TestTrainingProgress::test_format_eta_hours PASSED
backend/tests/test_coverage_boost9.py::TestTrainingProgress::test_format_eta_small PASSED
backend/tests/test_coverage_boost9.py::TestTrainingProgress::test_training_status_no_file PASSED
backend/tests/test_coverage_boost9.py::TestTrainingProgress::test_training_status_with_data PASSED
backend/tests/test_coverage_boost9.py::TestAuthGuardEdgeCases::test_preflight_check_with_env_secrets [PREFLIGHT] OK - All security preflight checks passed
[PREFLIGHT] WARN: GITHUB_CLIENT_SECRET is empty — GitHub OAuth will not work
[PREFLIGHT] WARN: DATABASE_URL is not set — using default sqlite:///C:/ygb_data/ygb.db
PASSED
backend/tests/test_coverage_boost9.py::TestAuthGuardEdgeCases::test_require_auth_missing_header PASSED
backend/tests/test_coverage_boost_2.py::TestAutoModeConditionDetails::test_blocked_reasons_all_false PASSED
backend/tests/test_coverage_boost_2.py::TestAutoModeConditionDetails::test_blocked_reasons_partial PASSED
backend/tests/test_coverage_boost_2.py::TestAutoModeConditionDetails::test_can_activate_no_conditions PASSED
backend/tests/test_coverage_boost_2.py::TestAutoModeConditionDetails::test_can_activate_with_conditions_met PASSED
backend/tests/test_coverage_boost_2.py::TestAutoModeConditionDetails::test_can_activate_with_conditions_not_met PASSED
backend/tests/test_coverage_boost_2.py::TestResourceMonitorEdges::test_compute_score_critical PASSED
backend/tests/test_coverage_boost_2.py::TestResourceMonitorEdges::test_compute_score_healthy PASSED
backend/tests/test_coverage_boost_2.py::TestResourceMonitorEdges::test_compute_score_intermediate_gpu PASSED
backend/tests/test_coverage_boost_2.py::TestResourceMonitorEdges::test_compute_score_low_hdd PASSED
backend/tests/test_coverage_boost_2.py::TestResourceMonitorEdges::test_compute_score_mid_io PASSED
backend/tests/test_coverage_boost_2.py::TestResourceMonitorEdges::test_compute_score_mid_memory PASSED
backend/tests/test_coverage_boost_2.py::TestResourceMonitorEdges::test_disk_probe PASSED
backend/tests/test_coverage_boost_2.py::TestResourceMonitorEdges::test_get_alerts_all PASSED
backend/tests/test_coverage_boost_2.py::TestResourceMonitorEdges::test_get_alerts_empty PASSED
backend/tests/test_coverage_boost_2.py::TestResourceMonitorEdges::test_gpu_probe_no_nvidia PASSED
backend/tests/test_coverage_boost_2.py::TestResourceMonitorEdges::test_io_latency PASSED
backend/tests/test_coverage_boost_2.py::TestResourceMonitorEdges::test_memory_probe PASSED
backend/tests/test_coverage_boost_2.py::TestMLIntegrityScorerPenalties::test_all_healthy PASSED
backend/tests/test_coverage_boost_2.py::TestMLIntegrityScorerPenalties::test_drift_penalty PASSED
backend/tests/test_coverage_boost_2.py::TestMLIntegrityScorerPenalties::test_entropy_penalty PASSED
backend/tests/test_coverage_boost_2.py::TestMLIntegrityScorerPenalties::test_inflation_penalty PASSED
backend/tests/test_coverage_boost_2.py::TestMLIntegrityScorerPenalties::test_model_age_penalty PASSED
backend/tests/test_coverage_boost_2.py::TestStorageScoreAndAutonomy::test_get_integrity_supervisor_singleton PASSED
backend/tests/test_coverage_boost_2.py::TestStorageScoreAndAutonomy::test_has_containment_24h_none PASSED
backend/tests/test_coverage_boost_2.py::TestStorageScoreAndAutonomy::test_has_containment_24h_old PASSED
backend/tests/test_coverage_boost_2.py::TestStorageScoreAndAutonomy::test_has_containment_24h_recent PASSED
backend/tests/test_coverage_boost_2.py::TestStorageScoreAndAutonomy::test_storage_score_critical PASSED
backend/tests/test_coverage_boost_2.py::TestStorageScoreAndAutonomy::test_storage_score_healthy PASSED
backend/tests/test_coverage_boost_2.py::TestStorageScoreAndAutonomy::test_storage_score_low PASSED
backend/tests/test_coverage_boost_2.py::TestClockGuardExtras::test_certification_allowed_simulated PASSED
backend/tests/test_coverage_boost_2.py::TestClockGuardExtras::test_history_grows PASSED
backend/tests/test_coverage_boost_2.py::TestFieldProgressionAdvanced::test_load_field_state PASSED
backend/tests/test_coverage_boost_2.py::TestFieldProgressionAdvanced::test_register_routes_no_flask PASSED
backend/tests/test_coverage_boost_2.py::TestFieldProgressionAdvanced::test_save_and_load_state PASSED
backend/tests/test_coverage_boost_2.py::TestFieldProgressionAdvanced::test_start_hunt_all_gates PASSED
backend/tests/test_coverage_boost_3.py::TestApprovalTokenFromDict::test_from_dict PASSED
backend/tests/test_coverage_boost_3.py::TestApprovalLedgerEdgePaths::test_get_signing_key_missing PASSED
backend/tests/test_coverage_boost_3.py::TestApprovalLedgerEdgePaths::test_load_existing_file PASSED
backend/tests/test_coverage_boost_3.py::TestApprovalLedgerEdgePaths::test_load_nonexistent_path PASSED
backend/tests/test_coverage_boost_3.py::TestApprovalLedgerEdgePaths::test_validate_expired_token PASSED
backend/tests/test_coverage_boost_3.py::TestApprovalLedgerEdgePaths::test_validate_reused_signature PASSED
backend/tests/test_coverage_boost_3.py::TestApprovalLedgerEdgePaths::test_verify_chain_tampered PASSED
backend/tests/test_coverage_boost_3.py::TestApprovalLedgerKeyDir::test_key_loading_fallback_env PASSED
backend/tests/test_coverage_boost_3.py::TestApprovalLedgerKeyDir::test_key_loading_with_key_dir PASSED
backend/tests/test_coverage_boost_3.py::TestDatasetWatchdogBatch::test_imbalance_ratio_single_class PASSED
backend/tests/test_coverage_boost_3.py::TestDatasetWatchdogBatch::test_record_batch PASSED
backend/tests/test_coverage_boost_3.py::TestGovernanceReaderError::test_compute_score_no_data PASSED
backend/tests/test_coverage_boost_3.py::TestGovernanceReaderError::test_read_nonexistent_state PASSED
backend/tests/test_coverage_boost_3.py::TestAutonomyStorageWarning::test_storage_warning_blocks_shadow PASSED
backend/tests/test_coverage_boost_3.py::TestScoreToStatus::test_green PASSED
backend/tests/test_coverage_boost_3.py::TestScoreToStatus::test_red PASSED
backend/tests/test_coverage_boost_3.py::TestScoreToStatus::test_yellow PASSED
backend/tests/test_coverage_boost_security.py::TestConfigValidator::test_configuration_error_message PASSED
backend/tests/test_coverage_boost_security.py::TestConfigValidator::test_connected_profile_checks_extra_secrets PASSED
backend/tests/test_coverage_boost_security.py::TestConfigValidator::test_import PASSED
backend/tests/test_coverage_boost_security.py::TestConfigValidator::test_placeholder_detection PASSED
backend/tests/test_coverage_boost_security.py::TestConfigValidator::test_validate_bind_host_safe PASSED
backend/tests/test_coverage_boost_security.py::TestConfigValidator::test_validate_bind_host_unsafe PASSED
backend/tests/test_coverage_boost_security.py::TestConfigValidator::test_validate_config_non_strict_no_raise PASSED
backend/tests/test_coverage_boost_security.py::TestConfigValidator::test_validate_config_strict_raises PASSED
backend/tests/test_coverage_boost_security.py::TestConfigValidator::test_validate_required_secrets_missing PASSED
backend/tests/test_coverage_boost_security.py::TestConfigValidator::test_validate_required_secrets_placeholder PASSED
backend/tests/test_coverage_boost_security.py::TestConfigValidator::test_validate_required_secrets_too_short PASSED
backend/tests/test_coverage_boost_security.py::TestConfigValidator::test_validate_required_secrets_valid PASSED
backend/tests/test_coverage_boost_security.py::TestIncidentReconciler::test_import PASSED
backend/tests/test_coverage_boost_security.py::TestIncidentReconciler::test_incidents_with_drift_window_scoped PASSED
backend/tests/test_coverage_boost_security.py::TestIncidentReconciler::test_incidents_with_no_drift_false_consistent PASSED
backend/tests/test_coverage_boost_security.py::TestIncidentReconciler::test_incidents_with_no_drift_true_inconsistent PASSED
backend/tests/test_coverage_boost_security.py::TestIncidentReconciler::test_no_auto_mode_state PASSED
backend/tests/test_coverage_boost_security.py::TestIncidentReconciler::test_no_incidents_no_drift PASSED
backend/tests/test_coverage_boost_security.py::TestIncidentReconciler::test_reconciliation_report_to_dict PASSED
backend/tests/test_coverage_boost_security.py::TestIncidentReconciler::test_run_reconciliation_entry_point PASSED
backend/tests/test_coverage_boost_security.py::TestPreflightIntegration::test_check_secrets_with_missing_env PASSED
backend/tests/test_coverage_boost_security.py::TestPreflightIntegration::test_check_secrets_with_valid_env PASSED
backend/tests/test_coverage_low_modules.py::TestAuthGuardAllowedOrigins::test_custom_frontend_url PASSED
backend/tests/test_coverage_low_modules.py::TestAuthGuardAllowedOrigins::test_default_origins PASSED
backend/tests/test_coverage_low_modules.py::TestAuthGuardAllowedOrigins::test_extra_origins PASSED
backend/tests/test_coverage_low_modules.py::TestAuthGuardNormalizeOrigin::test_full_url PASSED
backend/tests/test_coverage_low_modules.py::TestAuthGuardNormalizeOrigin::test_no_scheme PASSED
backend/tests/test_coverage_low_modules.py::TestAuthGuardNormalizeOrigin::test_trailing_slash PASSED
backend/tests/test_coverage_low_modules.py::TestAuthGuardExtractCookie::test_legacy_cookie PASSED
backend/tests/test_coverage_low_modules.py::TestAuthGuardExtractCookie::test_no_cookie PASSED
backend/tests/test_coverage_low_modules.py::TestAuthGuardExtractCookie::test_primary_cookie PASSED
backend/tests/test_coverage_low_modules.py::TestAuthGuardTempBypass::test_build_temp_user PASSED
backend/tests/test_coverage_low_modules.py::TestAuthGuardTempBypass::test_build_temp_user_custom_env PASSED
backend/tests/test_coverage_low_modules.py::TestAuthGuardTempBypass::test_bypass_disabled_by_default PASSED
backend/tests/test_coverage_low_modules.py::TestAuthGuardTempBypass::test_bypass_enabled PASSED
backend/tests/test_coverage_low_modules.py::TestAuthGuardVerifyToken::test_invalid_jwt_raises PASSED
[...]
backend/tests/test_vault_kdf.py::TestKeyDerivation::test_empty_password_raises PASSED
backend/tests/test_vault_kdf.py::TestKeyDerivation::test_unicode_password PASSED
backend/tests/test_vault_kdf.py::TestConfiguration::test_iteration_count PASSED
backend/tests/test_vault_kdf.py::TestConfiguration::test_key_length PASSED
backend/tests/test_vault_kdf.py::TestConfiguration::test_salt_length PASSED
backend/tests/test_vault_kdf.py::TestSaltManagement::test_salt_is_32_bytes PASSED
backend/tests/test_vault_kdf.py::TestSaltManagement::test_salt_is_persistent PASSED
backend/tests/test_vault_kdf.py::TestVaultLockUnlock::test_unlock_sets_key PASSED
backend/tests/test_vault_kdf.py::TestVaultLockUnlock::test_lock_clears_key PASSED
backend/tests/test_vault_kdf.py::TestVaultLockUnlock::test_get_key_when_locked_raises PASSED
backend/tests/test_vault_kdf.py::TestVaultLockUnlock::test_unlock_produces_consistent_key PASSED
backend/tests/test_vault_kdf.py::TestTiming::test_derivation_takes_time PASSED
backend/tests/test_verification_engine.py::TestVerificationEngine::test_behavioral_sqli_finding_gains_identifier_and_auto_poc PASSED
backend/tests/test_verification_engine.py::TestVerificationEngine::test_cve_finding_is_verified_and_seeded PASSED
backend/tests/test_verification_engine.py::TestVerificationEngine::test_enrich_findings_returns_summary_counts PASSED
backend/tests/test_verification_engine.py::TestVerificationEngine::test_path_traversal_finding_gains_cwe_and_seeded_poc PASSED
backend/tests/test_verification_engine.py::TestReportOrchestratorVerification::test_report_carries_verification_and_auto_poc PASSED
backend/tests/test_voice_research.py::TestVoiceConfidence::test_blocked_phrases PASSED
backend/tests/test_voice_research.py::TestVoiceConfidence::test_clear_clarification PASSED
backend/tests/test_voice_research.py::TestVoiceConfidence::test_empty_input PASSED
backend/tests/test_voice_research.py::TestVoiceConfidence::test_hunt_blocked PASSED
backend/tests/test_voice_research.py::TestVoiceConfidence::test_multilingual_hindi PASSED
backend/tests/test_voice_research.py::TestVoiceConfidence::test_noisy_input_safe_fallback PASSED
backend/tests/test_voice_research.py::TestVoiceConfidence::test_report_not_blocked PASSED
backend/tests/test_voice_research.py::TestVoiceConfidence::test_safety_override_blocked PASSED
backend/tests/test_voice_research.py::TestVoiceConfidence::test_submit_report_blocked PASSED
backend/tests/test_voice_research.py::TestSourceConsensus::test_claim_to_dict PASSED
backend/tests/test_voice_research.py::TestSourceConsensus::test_domain_trust_scoring PASSED
backend/tests/test_voice_research.py::TestSourceConsensus::test_likely_single_trusted_source PASSED
backend/tests/test_voice_research.py::TestSourceConsensus::test_mathematical_truth_always_verified PASSED
backend/tests/test_voice_research.py::TestSourceConsensus::test_same_domain_not_independent PASSED
backend/tests/test_voice_research.py::TestSourceConsensus::test_unverified_no_sources PASSED
backend/tests/test_voice_research.py::TestSourceConsensus::test_verified_with_two_sources PASSED
backend/tests/test_voice_runtime_real.py::test_execute_orchestrated_intent_runs_real_dispatch PASSED
backend/tests/test_voice_runtime_real.py::test_execute_orchestrated_intent_blocks_policy PASSED
backend/tests/test_voice_runtime_real.py::test_build_voice_pipeline_status_truthful PASSED
backend/tests/test_voice_runtime_real.py::test_run_research_analysis_includes_verification PASSED
backend/tests/test_voice_runtime_real.py::test_dispatch_supported_command_runs_host_action PASSED
backend/tests/test_voice_runtime_real.py::test_set_objective_blocks_second_until_complete PASSED
backend/tests/test_voice_runtime_real.py::test_record_objective_progress_appends_grounded_step PASSED
backend/tests/test_websocket_auth.py::TestWsAuthenticateUnit::test_accepts_cookie_auth PASSED
backend/tests/test_websocket_auth.py::TestWsAuthenticateUnit::test_extracts_from_protocol_header PASSED
backend/tests/test_websocket_auth.py::TestWsAuthenticateUnit::test_rejects_query_param_token PASSED
backend/tests/test_websocket_auth.py::TestWsAuthenticateUnit::test_rejects_revoked_token PASSED
backend/tests/test_websocket_auth.py::TestWsAuthenticateUnit::test_returns_none_invalid_token PASSED
backend/tests/test_websocket_auth.py::TestWsAuthenticateUnit::test_returns_none_no_token PASSED
backend/tests/test_websocket_auth.py::TestWsAuthenticateUnit::test_returns_payload_valid_token PASSED
backend/tests/test_websocket_auth.py::TestDashboardFrameShape::test_auth_acceptance_for_dashboard PASSED
backend/tests/test_websocket_auth.py::TestDashboardFrameShape::test_auth_rejection_returns_none PASSED
backend/tests/test_websocket_auth.py::TestDashboardFrameShape::test_dashboard_frame_has_all_keys PASSED
backend/tests/test_websocket_auth.py::TestDashboardFrameShape::test_dashboard_frame_types PASSED
backend/tests/test_websocket_auth.py::TestDashboardFrameShape::test_temporary_bypass_returns_synthetic_user PASSED
backend/tests/test_wiring_audit.py::TestMetricsRegistryWiring::test_singleton_exists PASSED
backend/tests/test_wiring_audit.py::TestMetricsRegistryWiring::test_critical_metrics_registered PASSED
backend/tests/test_wiring_audit.py::TestMetricsRegistryWiring::test_infrastructure_vs_training_split PASSED
backend/tests/test_wiring_audit.py::TestMetricsRegistryWiring::test_check_critical_metrics_only_flags_infrastructure PASSED
backend/tests/test_wiring_audit.py::TestMetricsRegistryWiring::test_record_voice_latency PASSED
backend/tests/test_wiring_audit.py::TestMetricsRegistryWiring::test_record_report_latency PASSED
backend/tests/test_wiring_audit.py::TestMetricsRegistryWiring::test_record_training_latency PASSED
backend/tests/test_wiring_audit.py::TestMetricsRegistryWiring::test_snapshot_is_json_serializable PASSED
backend/tests/test_wiring_audit.py::TestDependencyCheckerWiring::test_builtin_checks_include_storage PASSED
backend/tests/test_wiring_audit.py::TestDependencyCheckerWiring::test_builtin_checks_include_revocation PASSED
backend/tests/test_wiring_audit.py::TestDependencyCheckerWiring::test_builtin_checks_include_config PASSED
backend/tests/test_wiring_audit.py::TestDependencyCheckerWiring::test_builtin_checks_include_metrics PASSED
backend/tests/test_wiring_audit.py::TestDependencyCheckerWiring::test_run_all_checks_returns_structure PASSED
backend/tests/test_wiring_audit.py::TestDependencyCheckerWiring::test_each_check_returns_required_fields PASSED
backend/tests/test_wiring_audit.py::TestHealthEndpointStructure::test_health_router_exists PASSED
backend/tests/test_wiring_audit.py::TestHealthEndpointStructure::test_health_router_has_healthz PASSED
backend/tests/test_wiring_audit.py::TestHealthEndpointStructure::test_health_router_has_readyz PASSED
backend/tests/test_wiring_audit.py::TestCircuitBreakerWiring::test_circuit_breaker_import PASSED
backend/tests/test_wiring_audit.py::TestCircuitBreakerWiring::test_retry_decorator_import PASSED
ERROR: Coverage failure: total of 61 is less than fail-under=85


=============================== warnings summary ===============================
backend/tests/test_coverage_boost.py::TestAuthServerHelpers::test_load_json_file_missing
  /home/runner/work/YGB/YGB/backend/tests/test_coverage_boost.py:39: DeprecationWarning: auth_server.py is deprecated and unmounted. Use backend/auth/auth.py and auth_guard.py instead.
    from backend.api.auth_server import load_json

backend/tests/test_coverage_boost7_real.py::TestAdminAuthRealJWT::test_real_jwt_tampering_detected
  /opt/hostedtoolcache/Python/3.11.15/x64/lib/python3.11/site-packages/jwt/api_jwt.py:365: InsecureKeyLengthWarning: The HMAC key is 12 bytes long, which is below the minimum recommended length of 32 bytes for SHA256. See RFC 7518 Section 3.2.
    decoded = self.decode_complete(

-- Docs: https://docs.pytest.org/en/stable/how-to/capture-warnings.html
----- generated xml file: /home/runner/work/YGB/YGB/test-results/junit.xml -----
================================ tests coverage ================================
_______________ coverage: platform linux, python 3.11.15-final-0 _______________

Name                                            Stmts   Miss  Cover   Missing
-----------------------------------------------------------------------------
backend/__init__.py                                 0      0   100%
backend/alerts/__init__.py                          0      0   100%
backend/alerts/email_alerts.py                     81     24    70%   36-37, 53, 69-93, 176-177
backend/api/__init__.py                             0      0   100%
backend/api/admin_auth.py                         298     17    94%   83, 228-229, 241-242, 327-328, 345, 357-358, 367, 389-390, 492, 521-522, 632
backend/api/api_v2_contract.py                     52      1    98%   182
backend/api/auth_server.py                        246     12    95%   376-377, 381-382, 417-437
backend/api/browser_endpoints.py                   64      6    91%   178-179, 183-184, 188-189
backend/api/db_safety.py                           55     11    80%   30-31, 35-36, 51-52, 59, 63, 68, 85-86
backend/api/exceptions.py                          38      0   100%
backend/api/fido2_auth.py                         115      6    95%   81-82, 86-92
backend/api/field_progression_api.py              329     21    94%   458, 512-514, 846-871
backend/api/report_generator.py                   243     52    79%   187-189, 200-201, 227, 233-235, 250, 267, 280-282, 303, 324, 331-332, 336-338, 386, 401-403, 423, 441, 457-459, 481-520
backend/api/runtime_api.py                        215     21    90%   171, 186, 345-346, 355-356, 362-364, 460-462, 480-484, 506-508, 542-543
backend/api/runtime_state.py                       34      0   100%
backend/api/system_status.py                       48      0   100%
backend/api/training_progress.py                   50      7    86%   88-89, 113-118
backend/api/vault_session.py                       44      0   100%
backend/approval/__init__.py                        0      0   100%
backend/approval/report_orchestrator.py           177      7    96%   139, 157, 168, 217-219, 234
backend/assistant/__init__.py                       0      0   100%
backend/assistant/isolation_guard.py               86      1    99%   289
backend/assistant/query_router.py                 229     61    73%   238, 314-322, 326-335, 339-340, 350-399, 422-498, 632
backend/assistant/task_focus.py                   114     18    84%   54, 59-60, 111, 120, 134-137, 164, 215-222
backend/assistant/voice_runtime.py                268    108    60%   75, 89-98, 106-119, 138-166, 171-194, 215, 217, 227, 237-244, 261-262, 266-267, 282-283, 289-291, 346, 350, 357-358, 369-370, 406-407, 415, 422, 425-428, 453-456, 481-482, 488, 503-510, 527-543, 554-555, 559, 570, 579, 581, 604, 610, 618-634, 637, 681, 683, 705-717
backend/auth/__init__.py                            0      0   100%
backend/auth/auth.py                              143     17    88%   36-37, 61-66, 78-79, 107-113, 127-128
backend/auth/auth_guard.py                        212     10    95%   199-200, 269, 387, 433-435, 472-475
backend/auth/geoip.py                              69      0   100%
backend/auth/ownership.py                          23      0   100%
backend/auth/revocation_store.py                  141      6    96%   87-88, 127, 140, 194-195
backend/bridge/__init__.py                          0      0   100%
backend/bridge/bridge_state.py                    174     48    72%   91-93, 110-117, 189, 193, 201-203, 207-224, 240-241, 246, 253, 256-258, 263, 310, 321-322, 336-337, 373-375, 381
backend/browser/__init__.py                         0      0   100%
backend/browser/browser_isolation.py              132    132     0%   14-295
backend/browser/daily_curriculum.py               238    238     0%   16-445
backend/config/activation_profiles.py             120     95    21%   57-60, 69-74, 79-82, 87-92, 102-211, 220-250
backend/config/config_validator.py                 47      1    98%   138
backend/cve/__init__.py                             6      0   100%
backend/cve/anti_hallucination.py                  64     12    81%   103-107, 125, 131, 137, 140, 158-160
backend/cve/bridge_ingestion_worker.py            232    232     0%   20-484
backend/cve/cve_pipeline.py                       308     42    86%   156-161, 164, 181, 187, 357-360, 392-395, 465, 468-472, 483-485, 600, 628-639, 662, 675, 677, 685, 687, 689, 712, 715, 720-723, 743-745
backend/cve/cve_scheduler.py                      214    148    31%   48, 59-63, 100-101, 115-125, 129-183, 189-207, 211-277, 283-387
backend/cve/dedup_drift.py                        186     55    70%   77-84, 113-118, 170, 173-187, 206, 229-259, 279, 299, 305, 309-340, 355, 360-363, 375-377, 396-398
backend/cve/headless_research.py                  116     17    85%   98-99, 141, 197-218, 241, 245, 249-255, 274-276
backend/cve/promotion_policy.py                    82      6    93%   209, 236, 245, 262-264
backend/cve/verification_engine.py                153      5    97%   315, 340, 367, 383, 450
backend/errors.py                                  33      0   100%
backend/governance/__init__.py                      0      0   100%
backend/governance/approval_ledger.py             238      7    97%   81-82, 110-114, 151, 353
backend/governance/audit_archive.py                72      0   100%
backend/governance/authority_lock.py               24      0   100%
backend/governance/auto_mode_controller.py         91      0   100%
backend/governance/automation_enforcer.py          89      1    99%   181
backend/governance/certification_gate.py           57      0   100%
backend/governance/clock_guard.py                  61      0   100%
backend/governance/device_authority.py            156     13    92%   57-58, 82-83, 96, 109, 223-224, 241-242, 320, 328-329
backend/governance/governance_policy_check.py      36      0   100%
backend/governance/host_action_governor.py        267     30    89%   115-116, 218, 223, 234, 236, 238, 275, 368, 371, 377, 414, 423, 429, 488, 500, 531, 551-568, 579, 584, 590, 613
backend/governance/incident_reconciler.py          87      3    97%   152, 173-174
backend/governance/lab_hunt_separator.py           29      0   100%
backend/governance/merge_guard.py                  30      0   100%
backend/governance/mode_controller.py              65      0   100%
backend/governance/mode_progression.py            144      2    99%   204-205
backend/governance/report_draft_assistant.py       39      1    97%   51
backend/governance/report_similarity.py            61      0   100%
backend/governance/representation_guard.py        111      0   100%
backend/integrity/__init__.py                       0      0   100%
backend/integrity/integrity_bridge.py             351     10    97%   65-75
backend/mode/__init__.py                            0      0   100%
backend/mode/mode_orchestrator.py                  71     32    55%   68-69, 74-76, 81, 89, 93, 97, 116-140, 144, 148, 156-164, 168
backend/mode/runtime_mode_controller.py           107    107     0%   15-203
backend/observability/log_config.py                32     13    59%   57, 61-62, 74-93
backend/observability/metrics.py                   87      1    99%   202
backend/reliability/__init__.py                     0      0   100%
backend/reliability/circuit_breaker.py            110      4    96%   154, 197, 202, 207
backend/reliability/dependency_checker.py          98     28    71%   37-39, 55-57, 76-95, 114-116, 133, 168-173
backend/reliability/health_endpoints.py            26     13    50%   36-37, 54-68
backend/security/__init__.py                        0      0   100%
backend/security/tpm_key_store.py                 178    178     0%   14-367
backend/security/vault_kdf.py                      52      2    96%   121-122
backend/shadow/__init__.py                          0      0   100%
backend/shadow/shadow_monitor.py                  326    326     0%   14-633
backend/startup/__init__.py                         0      0   100%
backend/startup/preflight.py                      185    144    22%   55-58, 64-72, 78-107, 114-130, 137-152, 159-178, 197-198, 200-217, 222-288, 297-335, 344-357
backend/storage/__init__.py                         0      0   100%
backend/storage/backup_config.py                   98     50    49%   83-92, 120-131, 146-204, 219-220, 230-232, 245-249, 258-273
backend/storage/storage_bridge.py                 485    297    39%   74-123, 136-140, 149-184, 191, 224-230, 235-240, 257-271, 276-292, 297-301, 322-344, 349-367, 372-380, 394-411, 416-429, 434-437, 451-463, 471-507, 517-526, 533, 538, 551, 556, 568-579, 584-593, 599, 603, 610, 614, 620-626, 631-635, 648, 666, 697, 705, 730, 735-760, 765-766, 771-779, 784-786, 794-802, 807-814, 819, 845, 850-865, 875-886, 893-895, 906-912, 921, 936, 941-942, 950-957, 962-964, 992-994, 1006, 1032, 1061-1063, 1068-1071, 1076-1078, 1083-1085
backend/storage/tiered_storage.py                 250    154    38%   90, 116-123, 127, 139-140, 178, 219, 223, 227-230, 234, 242-252, 261-282, 286-290, 299-311, 325-390, 405-418, 423-436, 453, 463-464, 480-501
backend/sync/__init__.py                            0      0   100%
backend/sync/chunker.py                            95     79    17%   25, 35-53, 66-91, 96-99, 104, 109-119, 127-148
backend/sync/gdrive_backup.py                     165    165     0%   15-269
backend/sync/health.py                            106     83    22%   40-88, 106-120, 125-129, 134-147, 152-158, 166-209, 214-227
backend/sync/manifest.py                          117     74    37%   22, 46, 50, 64-65, 68, 71, 78-92, 97-99, 106-121, 126-137, 151-157, 162, 181-215
backend/sync/model_compress.py                     91     91     0%   18-204
backend/sync/peer_transport.py                    116     92    21%   37-56, 61-64, 69-80, 85-99, 104-114, 127-160, 165-181, 186-188, 193-199, 204-212
backend/sync/recovery.py                          131    131     0%   16-255
backend/sync/sync_engine.py                       249    249     0%   17-433
backend/sync/sync_routes.py                        77     47    39%   23-25, 40-41, 53-56, 69, 75-84, 90-98, 104-107, 113-114, 125-131, 137-146
backend/training/__init__.py                        0      0   100%
backend/training/feature_bridge.py                139    139     0%   12-240
backend/training/node_registration.py             115    115     0%   12-220
backend/training/parallel_scheduler.py            121     79    35%   26-27, 63-65, 70-92, 97-103, 107-120, 131-164, 167-170, 174-213
backend/training/representation_bridge.py         104    104     0%   14-184
backend/training/runtime_artifacts.py             197    152    23%   52-59, 63-67, 71-75, 79, 83, 87-90, 94-96, 100-126, 130-135, 139-144, 153-229, 234-268, 282-285, 295-324, 348-381, 405-430, 448-464, 478-513, 528-600
backend/training/state_manager.py                 129     61    53%   50, 77-79, 83-89, 93-134, 160, 167-171, 188-208, 227-237
backend/training/stt_dataset_collector.py         247     95    62%   55-57, 85-87, 97-98, 129-130, 143, 147, 151, 153, 155, 175-178, 188, 200, 203-204, 212-222, 236-242, 259-265, 286, 288, 339-340, 357-358, 404-407, 416-524
backend/voice/__init__.py                           0      0   100%
backend/voice/intent_router.py                     82     15    82%   34, 136-137, 152-153, 166-174, 184-185, 201, 205
backend/voice/language_detector.py                 30     11    63%   47, 56, 63-73, 80
-----------------------------------------------------------------------------
TOTAL                                           11903   4635    61%
Coverage XML written to file coverage_python.xml
Coverage JSON written to file coverage_python.json
FAIL Required test coverage of 85.0% not reached. Total coverage: 61.06%
================= 1928 passed, 3 skipped, 2 warnings in 27.49s =================
