============================= test session starts =============================
platform win32 -- Python 3.11.9, pytest-9.0.2, pluggy-1.6.0 -- C:\Program Files\Python311\python.exe
cachedir: .pytest_cache
rootdir: C:\Users\Unkno\YGB
configfile: pyproject.toml
plugins: anyio-4.12.1, asyncio-1.3.0, cov-7.0.0
asyncio: mode=Mode.AUTO, debug=False, asyncio_default_fixture_loop_scope=None, asyncio_default_test_loop_scope=function
collecting ... collected 11 items

backend/tests/test_bridge_persistence.py::TestBridgeStatePersistence::test_cross_process_persistence PASSED [  9%]
backend/tests/test_bridge_persistence.py::TestBridgeStatePersistence::test_fresh_state_is_zero PASSED [ 18%]
backend/tests/test_bridge_persistence.py::TestBridgeStatePersistence::test_persistence_file_written PASSED [ 27%]
backend/tests/test_bridge_persistence.py::TestBridgeStatePersistence::test_record_ingest_batch_increments PASSED [ 36%]
backend/tests/test_bridge_persistence.py::TestBridgeStatePersistence::test_sample_store_write_and_read PASSED [ 45%]
backend/tests/test_bridge_persistence.py::TestReadinessTruth::test_zero_counters_is_no_go PASSED [ 54%]
backend/tests/test_bridge_persistence.py::TestReadinessTruth::test_above_threshold_is_go PASSED [ 63%]
backend/tests/test_bridge_persistence.py::TestReadinessTruth::test_below_threshold_is_no_go PASSED [ 72%]
backend/tests/test_bridge_persistence.py::TestMismatchDetection::test_manifest_says_go_bridge_says_zero PASSED [ 81%]
backend/tests/test_bridge_persistence.py::TestMismatchDetection::test_matching_counts_is_consistent PASSED [ 90%]
backend/tests/test_bridge_persistence.py::TestMismatchDetection::test_no_manifest_is_inconsistent PASSED [100%]

============================= 11 passed in 0.09s ==============================
